#
# There is insufficient memory for the Java Runtime Environment to continue.
# Native memory allocation (mmap) failed to map 65536 bytes for Failed to commit metaspace.
# Possible reasons:
#   The system is out of physical RAM or swap space
#   The process is running with CompressedOops enabled, and the Java Heap may be blocking the growth of the native heap
# Possible solutions:
#   Reduce memory load on the system
#   Increase physical memory or swap space
#   Check if swap backing store is full
#   Decrease Java heap size (-Xmx/-Xms)
#   Decrease number of Java threads
#   Decrease Java thread stack sizes (-Xss)
#   Set larger code cache with -XX:ReservedCodeCacheSize=
#   JVM is running with Unscaled Compressed Oops mode in which the Java heap is
#     placed in the first 4GB address space. The Java Heap base address is the
#     maximum limit for the native heap growth. Please use -XX:HeapBaseMinAddress
#     to set the Java Heap base and to place the Java Heap above 4GB virtual address.
# This output file may be truncated or incomplete.
#
#  Out of Memory Error (virtualSpaceNode.cpp:110), pid=12252, tid=5504
#
# JRE version: Java(TM) SE Runtime Environment (18.0.1+10) (build 18.0.1+10-24)
# Java VM: Java HotSpot(TM) 64-Bit Server VM (18.0.1+10-24, mixed mode, sharing, tiered, compressed oops, compressed class ptrs, g1 gc, windows-amd64)
# No core dump will be written. Minidumps are not enabled by default on client versions of Windows
#

---------------  S U M M A R Y ------------

Command Line: -Dmaven.multiModuleProjectDirectory=C:\Users\guill\gitProjects\mmocore -Dmaven.home=C:\Program Files\JetBrains\IntelliJ IDEA Community Edition 2021.1.2\plugins\maven\lib\maven3 -Dclassworlds.conf=C:\Program Files\JetBrains\IntelliJ IDEA Community Edition 2021.1.2\plugins\maven\lib\maven3\bin\m2.conf -Dmaven.ext.class.path=C:\Program Files\JetBrains\IntelliJ IDEA Community Edition 2021.1.2\plugins\maven\lib\maven-event-listener.jar -Dfile.encoding=UTF-8 org.codehaus.classworlds.Launcher -Didea.version=2021.1.2 install --non-recursive

Host: AMD Ryzen 7 3700U with Radeon Vega Mobile Gfx  , 8 cores, 5G,  Windows 10 , 64 bit Build 19041 (10.0.19041.1706)
Time: Tue May 24 23:24:28 2022 Paris, Madrid (heure duild 19041 (10.0.19041.1706) elapsed time: 0.830927 seconds (0d 0h 0m 0s)

---------------  T H R E A D  ---------------

Current thread (0x00000196db61cea0):  JavaThread "C1 CompilerThread0" daemon [_thread_in_vm, id=5504, stack(0x000000221d000000,0x000000221d100000)]


Current CompileTask:
C1:    831  545       3       jdk.internal.loader.ClassLoaders$AppClassLoader::loadClass (40 bytes)

Stack: [0x000000221d000000,0x000000221d100000]
Native frames: (J=compiled Java code, j=interpreted, Vv=VM code, C=native code)
V  [jvm.dll+0x69887a]
V  [jvm.dll+0x7f38bd]
V  [jvm.dll+0x7f51ce]
V  [jvm.dll+0x7f5883]
V  [jvm.dll+0x25ca3f]
V  [jvm.dll+0x7ef5cb]
V  [jvm.dll+0x63ea76]
V  [jvm.dll+0x63eada]
V  [jvm.dll+0x64135e]
V  [jvm.dll+0x64121e]
V  [jvm.dll+0x63f43e]
V  [jvm.dll+0x650d9a]
V  [jvm.dll+0x649c8a]
V  [jvm.dll+0x1e4700]
V  [jvm.dll+0x1e48e6]
V  [jvm.dll+0x1485de]
V  [jvm.dll+0x148926]
V  [jvm.dll+0x147d9a]
V  [jvm.dll+0x149a81]
V  [jvm.dll+0x23e8ca]
V  [jvm.dll+0x23cbb5]
V  [jvm.dll+0x7a5fb1]
V  [jvm.dll+0x7a03ea]
V  [jvm.dll+0x697725]
C  [ucrtbase.dll+0x21bb2]
C  [KERNEL32.DLL+0x17034]
C  [ntdll.dll+0x52651]


---------------  P R O C E S S  ---------------

Threads class SMR info:
_java_thread_list=0x00000196df8513a0, length=12, elements={
0x00000196be777660, 0x00000196db5e6ac0, 0x00000196db5e7720, 0x00000196db603f40,
0x00000196db6058f0, 0x00000196db606290, 0x00000196db606d70, 0x00000196db608b90,
0x00000196db61cea0, 0x00000196db6333c0, 0x00000196df884700, 0x00000196df8888a0
}

Java Threads: ( => current thread )
  0x00000196be777660 JavaThread "main" [_thread_in_vm, id=16080, stack(0x000000221c200000,0x000000221c300000)]
  0x00000196db5e6ac0 JavaThread "Reference Handler" daemon [_thread_blocked, id=3240, stack(0x000000221c900000,0x000000221ca00000)]
  0x00000196db5e7720 JavaThread "Finalizer" daemon [_thread_blocked, id=31388, stack(0x000000221ca00000,0x000000221cb00000)]
  0x00000196db603f40 JavaThread "Signal Dispatcher" daemon [_thread_blocked, id=27972, stack(0x000000221cb00000,0x000000221cc00000)]
  0x00000196db6058f0 JavaThread "Attach Listener" daemon [_thread_blocked, id=29668, stack(0x000000221cc00000,0x000000221cd00000)]
  0x00000196db606290 JavaThread "Service Thread" daemon [_thread_blocked, id=28240, stack(0x000000221cd00000,0x000000221ce00000)]
  0x00000196db606d70 JavaThread "Monitor Deflation Thread" daemon [_thread_blocked, id=1896, stack(0x000000221ce00000,0x000000221cf00000)]
  0x00000196db608b90 JavaThread "C2 CompilerThread0" daemon [_thread_blocked, id=27540, stack(0x000000221cf00000,0x000000221d000000)]
=>0x00000196db61cea0 JavaThread "C1 CompilerThread0" daemon [_thread_in_vm, id=5504, stack(0x000000221d000000,0x000000221d100000)]
  0x00000196db6333c0 JavaThread "Sweeper thread" daemon [_thread_blocked, id=25016, stack(0x000000221d100000,0x000000221d200000)]
  0x00000196df884700 JavaThread "Notification Thread" daemon [_thread_blocked, id=36124, stack(0x000000221d200000,0x000000221d300000)]
  0x00000196df8888a0 JavaThread "Common-Cleaner" daemon [_thread_blocked, id=20016, stack(0x000000221d400000,0x000000221d500000)]

Other Threads:
  0x00000196be7eab00 VMThread "VM Thread" [stack: 0x000000221c800000,0x000000221c900000] [id=8764]
  0x00000196df887a00 WatcherThread "VM Periodic Task Thread" [stack: 0x000000221d300000,0x000000221d400000] [id=36084]
  0x00000196be7c7f90 WorkerThread "GC Thread#0" [stack: 0x000000221c300000,0x000000221c400000] [id=33236]
  0x00000196be7d5d20 ConcurrentGCThread "G1 Main Marker" [stack: 0x000000221c400000,0x000000221c500000] [id=9264]
  0x00000196be7d6eb0 WorkerThread "G1 Conc#0" [stack: 0x000000221c500000,0x000000221c600000] [id=9172]
  0x00000196be81e530 ConcurrentGCThread "G1 Refine#0" [stack: 0x000000221c600000,0x000000221c700000] [id=25384]
  0x00000196be81ee40 ConcurrentGCThread "G1 Service" [stack: 0x000000221c700000,0x000000221c800000] [id=22176]

Threads with active compile tasks:
C1 CompilerThread0      969  545       3       jdk.internal.loader.ClassLoaders$AppClassLoader::loadClass (40 bytes)

VM state: not at safepoint (normal execution)

VM Mutex/Monitor currently owned by a thread:  ([mutex/lock_event])
[0x00000196be771460] Metaspace_lock - owner thread: 0x00000196db61cea0
[0x00000196be773730] MethodData_lock - owner thread: 0x00000196db61cea0

Heap address: 0x00000000a1400000, size: 1516 MB, Compressed Oops mode: 32-bit

CDS archive(s) mapped at: [0x0000000800000000-0x0000000800ba0000-0x0000000800ba0000), size 12189696, SharedBaseAddress: 0x0000000800000000, ArchiveRelocationMode: 0.
Compressed class space mapped at: 0x0000000800c00000-0x0000000840c00000, reserved size: 1073741824
Narrow klass base: 0x0000000800000000, Narrow klass shift: 0, Narrow klass range: 0x100000000

GC Precious Log:
 CardTable entry size: 512
 Card Set container configuration: InlinePtr #cards 5 size 8 Array Of Cards #cards 12 size 40 Howl #buckets 4 coarsen threshold 1843 Howl Bitmap #cards 512 size 80 coarsen threshold 460 Card regions per heap region 1 cards per card region 2048
 CPUs: 8 total, 8 available
 Memory: 6061M
 Large Page Support: Disabled
 NUMA Support: Disabled
 Compressed Oops: Enabled (32-bit)
 Heap Region Size: 1M
 Heap Min Capacity: 8M
 Heap Initial Capacity: 96M
 Heap Max Capacity: 1516M
 Pre-touch: Disabled
 Parallel Workers: 8
 Concurrent Workers: 2
 Concurrent Refinement Workers: 8
 Periodic GC: Disabled

Heap:
 garbage-first heap   total 98304K, used 5120K [0x00000000a1400000, 0x0000000100000000)
  region size 1024K, 7 young (7168K), 0 survivors (0K)
 Metaspace       used 2358K, committed 2496K, reserved 1114112K
  class space    used 212K, committed 320K, reserved 1048576K

Heap Regions: E=young(eden), S=young(survivor), O=old, HS=humongous(starts), HC=humongous(continues), CS=collection set, F=free, OA=open archive, CA=closed archive, TAMS=top-at-mark-start (previous, next)
|   0|0x00000000a1400000, 0x00000000a1400000, 0x00000000a1500000|  0%| F|  |TAMS 0x00000000a1400000, 0x00000000a1400000| Untracked 
|   1|0x00000000a1500000, 0x00000000a1500000, 0x00000000a1600000|  0%| F|  |TAMS 0x00000000a1500000, 0x00000000a1500000| Untracked 
|   2|0x00000000a1600000, 0x00000000a1600000, 0x00000000a1700000|  0%| F|  |TAMS 0x00000000a1600000, 0x00000000a1600000| Untracked 
|   3|0x00000000a1700000, 0x00000000a1700000, 0x00000000a1800000|  0%| F|  |TAMS 0x00000000a1700000, 0x00000000a1700000| Untracked 
|   4|0x00000000a1800000, 0x00000000a1800000, 0x00000000a1900000|  0%| F|  |TAMS 0x00000000a1800000, 0x00000000a1800000| Untracked 
|   5|0x00000000a1900000, 0x00000000a1900000, 0x00000000a1a00000|  0%| F|  |TAMS 0x00000000a1900000, 0x00000000a1900000| Untracked 
|   6|0x00000000a1a00000, 0x00000000a1a00000, 0x00000000a1b00000|  0%| F|  |TAMS 0x00000000a1a00000, 0x00000000a1a00000| Untracked 
|   7|0x00000000a1b00000, 0x00000000a1b00000, 0x00000000a1c00000|  0%| F|  |TAMS 0x00000000a1b00000, 0x00000000a1b00000| Untracked 
|   8|0x00000000a1c00000, 0x00000000a1c00000, 0x00000000a1d00000|  0%| F|  |TAMS 0x00000000a1c00000, 0x00000000a1c00000| Untracked 
|   9|0x00000000a1d00000, 0x00000000a1d00000, 0x00000000a1e00000|  0%| F|  |TAMS 0x00000000a1d00000, 0x00000000a1d00000| Untracked 
|  10|0x00000000a1e00000, 0x00000000a1e00000, 0x00000000a1f00000|  0%| F|  |TAMS 0x00000000a1e00000, 0x00000000a1e00000| Untracked 
|  11|0x00000000a1f00000, 0x00000000a1f00000, 0x00000000a2000000|  0%| F|  |TAMS 0x00000000a1f00000, 0x00000000a1f00000| Untracked 
|  12|0x00000000a2000000, 0x00000000a2000000, 0x00000000a2100000|  0%| F|  |TAMS 0x00000000a2000000, 0x00000000a2000000| Untracked 
|  13|0x00000000a2100000, 0x00000000a2100000, 0x00000000a2200000|  0%| F|  |TAMS 0x00000000a2100000, 0x00000000a2100000| Untracked 
|  14|0x00000000a2200000, 0x00000000a2200000, 0x00000000a2300000|  0%| F|  |TAMS 0x00000000a2200000, 0x00000000a2200000| Untracked 
|  15|0x00000000a2300000, 0x00000000a2300000, 0x00000000a2400000|  0%| F|  |TAMS 0x00000000a2300000, 0x00000000a2300000| Untracked 
|  16|0x00000000a2400000, 0x00000000a2400000, 0x00000000a2500000|  0%| F|  |TAMS 0x00000000a2400000, 0x00000000a2400000| Untracked 
|  17|0x00000000a2500000, 0x00000000a2500000, 0x00000000a2600000|  0%| F|  |TAMS 0x00000000a2500000, 0x00000000a2500000| Untracked 
|  18|0x00000000a2600000, 0x00000000a2600000, 0x00000000a2700000|  0%| F|  |TAMS 0x00000000a2600000, 0x00000000a2600000| Untracked 
|  19|0x00000000a2700000, 0x00000000a2700000, 0x00000000a2800000|  0%| F|  |TAMS 0x00000000a2700000, 0x00000000a2700000| Untracked 
|  20|0x00000000a2800000, 0x00000000a2800000, 0x00000000a2900000|  0%| F|  |TAMS 0x00000000a2800000, 0x00000000a2800000| Untracked 
|  21|0x00000000a2900000, 0x00000000a2900000, 0x00000000a2a00000|  0%| F|  |TAMS 0x00000000a2900000, 0x00000000a2900000| Untracked 
|  22|0x00000000a2a00000, 0x00000000a2a00000, 0x00000000a2b00000|  0%| F|  |TAMS 0x00000000a2a00000, 0x00000000a2a00000| Untracked 
|  23|0x00000000a2b00000, 0x00000000a2b00000, 0x00000000a2c00000|  0%| F|  |TAMS 0x00000000a2b00000, 0x00000000a2b00000| Untracked 
|  24|0x00000000a2c00000, 0x00000000a2c00000, 0x00000000a2d00000|  0%| F|  |TAMS 0x00000000a2c00000, 0x00000000a2c00000| Untracked 
|  25|0x00000000a2d00000, 0x00000000a2d00000, 0x00000000a2e00000|  0%| F|  |TAMS 0x00000000a2d00000, 0x00000000a2d00000| Untracked 
|  26|0x00000000a2e00000, 0x00000000a2e00000, 0x00000000a2f00000|  0%| F|  |TAMS 0x00000000a2e00000, 0x00000000a2e00000| Untracked 
|  27|0x00000000a2f00000, 0x00000000a2f00000, 0x00000000a3000000|  0%| F|  |TAMS 0x00000000a2f00000, 0x00000000a2f00000| Untracked 
|  28|0x00000000a3000000, 0x00000000a3000000, 0x00000000a3100000|  0%| F|  |TAMS 0x00000000a3000000, 0x00000000a3000000| Untracked 
|  29|0x00000000a3100000, 0x00000000a3100000, 0x00000000a3200000|  0%| F|  |TAMS 0x00000000a3100000, 0x00000000a3100000| Untracked 
|  30|0x00000000a3200000, 0x00000000a3200000, 0x00000000a3300000|  0%| F|  |TAMS 0x00000000a3200000, 0x00000000a3200000| Untracked 
|  31|0x00000000a3300000, 0x00000000a3300000, 0x00000000a3400000|  0%| F|  |TAMS 0x00000000a3300000, 0x00000000a3300000| Untracked 
|  32|0x00000000a3400000, 0x00000000a3400000, 0x00000000a3500000|  0%| F|  |TAMS 0x00000000a3400000, 0x00000000a3400000| Untracked 
|  33|0x00000000a3500000, 0x00000000a3500000, 0x00000000a3600000|  0%| F|  |TAMS 0x00000000a3500000, 0x00000000a3500000| Untracked 
|  34|0x00000000a3600000, 0x00000000a3600000, 0x00000000a3700000|  0%| F|  |TAMS 0x00000000a3600000, 0x00000000a3600000| Untracked 
|  35|0x00000000a3700000, 0x00000000a3700000, 0x00000000a3800000|  0%| F|  |TAMS 0x00000000a3700000, 0x00000000a3700000| Untracked 
|  36|0x00000000a3800000, 0x00000000a3800000, 0x00000000a3900000|  0%| F|  |TAMS 0x00000000a3800000, 0x00000000a3800000| Untracked 
|  37|0x00000000a3900000, 0x00000000a3900000, 0x00000000a3a00000|  0%| F|  |TAMS 0x00000000a3900000, 0x00000000a3900000| Untracked 
|  38|0x00000000a3a00000, 0x00000000a3a00000, 0x00000000a3b00000|  0%| F|  |TAMS 0x00000000a3a00000, 0x00000000a3a00000| Untracked 
|  39|0x00000000a3b00000, 0x00000000a3b00000, 0x00000000a3c00000|  0%| F|  |TAMS 0x00000000a3b00000, 0x00000000a3b00000| Untracked 
|  40|0x00000000a3c00000, 0x00000000a3c00000, 0x00000000a3d00000|  0%| F|  |TAMS 0x00000000a3c00000, 0x00000000a3c00000| Untracked 
|  41|0x00000000a3d00000, 0x00000000a3d00000, 0x00000000a3e00000|  0%| F|  |TAMS 0x00000000a3d00000, 0x00000000a3d00000| Untracked 
|  42|0x00000000a3e00000, 0x00000000a3e00000, 0x00000000a3f00000|  0%| F|  |TAMS 0x00000000a3e00000, 0x00000000a3e00000| Untracked 
|  43|0x00000000a3f00000, 0x00000000a3f00000, 0x00000000a4000000|  0%| F|  |TAMS 0x00000000a3f00000, 0x00000000a3f00000| Untracked 
|  44|0x00000000a4000000, 0x00000000a4000000, 0x00000000a4100000|  0%| F|  |TAMS 0x00000000a4000000, 0x00000000a4000000| Untracked 
|  45|0x00000000a4100000, 0x00000000a4100000, 0x00000000a4200000|  0%| F|  |TAMS 0x00000000a4100000, 0x00000000a4100000| Untracked 
|  46|0x00000000a4200000, 0x00000000a4200000, 0x00000000a4300000|  0%| F|  |TAMS 0x00000000a4200000, 0x00000000a4200000| Untracked 
|  47|0x00000000a4300000, 0x00000000a4300000, 0x00000000a4400000|  0%| F|  |TAMS 0x00000000a4300000, 0x00000000a4300000| Untracked 
|  48|0x00000000a4400000, 0x00000000a4400000, 0x00000000a4500000|  0%| F|  |TAMS 0x00000000a4400000, 0x00000000a4400000| Untracked 
|  49|0x00000000a4500000, 0x00000000a4500000, 0x00000000a4600000|  0%| F|  |TAMS 0x00000000a4500000, 0x00000000a4500000| Untracked 
|  50|0x00000000a4600000, 0x00000000a4600000, 0x00000000a4700000|  0%| F|  |TAMS 0x00000000a4600000, 0x00000000a4600000| Untracked 
|  51|0x00000000a4700000, 0x00000000a4700000, 0x00000000a4800000|  0%| F|  |TAMS 0x00000000a4700000, 0x00000000a4700000| Untracked 
|  52|0x00000000a4800000, 0x00000000a4800000, 0x00000000a4900000|  0%| F|  |TAMS 0x00000000a4800000, 0x00000000a4800000| Untracked 
|  53|0x00000000a4900000, 0x00000000a4900000, 0x00000000a4a00000|  0%| F|  |TAMS 0x00000000a4900000, 0x00000000a4900000| Untracked 
|  54|0x00000000a4a00000, 0x00000000a4a00000, 0x00000000a4b00000|  0%| F|  |TAMS 0x00000000a4a00000, 0x00000000a4a00000| Untracked 
|  55|0x00000000a4b00000, 0x00000000a4b00000, 0x00000000a4c00000|  0%| F|  |TAMS 0x00000000a4b00000, 0x00000000a4b00000| Untracked 
|  56|0x00000000a4c00000, 0x00000000a4c00000, 0x00000000a4d00000|  0%| F|  |TAMS 0x00000000a4c00000, 0x00000000a4c00000| Untracked 
|  57|0x00000000a4d00000, 0x00000000a4d00000, 0x00000000a4e00000|  0%| F|  |TAMS 0x00000000a4d00000, 0x00000000a4d00000| Untracked 
|  58|0x00000000a4e00000, 0x00000000a4e00000, 0x00000000a4f00000|  0%| F|  |TAMS 0x00000000a4e00000, 0x00000000a4e00000| Untracked 
|  59|0x00000000a4f00000, 0x00000000a4f00000, 0x00000000a5000000|  0%| F|  |TAMS 0x00000000a4f00000, 0x00000000a4f00000| Untracked 
|  60|0x00000000a5000000, 0x00000000a5000000, 0x00000000a5100000|  0%| F|  |TAMS 0x00000000a5000000, 0x00000000a5000000| Untracked 
|  61|0x00000000a5100000, 0x00000000a5100000, 0x00000000a5200000|  0%| F|  |TAMS 0x00000000a5100000, 0x00000000a5100000| Untracked 
|  62|0x00000000a5200000, 0x00000000a5200000, 0x00000000a5300000|  0%| F|  |TAMS 0x00000000a5200000, 0x00000000a5200000| Untracked 
|  63|0x00000000a5300000, 0x00000000a5300000, 0x00000000a5400000|  0%| F|  |TAMS 0x00000000a5300000, 0x00000000a5300000| Untracked 
|  64|0x00000000a5400000, 0x00000000a5400000, 0x00000000a5500000|  0%| F|  |TAMS 0x00000000a5400000, 0x00000000a5400000| Untracked 
|  65|0x00000000a5500000, 0x00000000a5500000, 0x00000000a5600000|  0%| F|  |TAMS 0x00000000a5500000, 0x00000000a5500000| Untracked 
|  66|0x00000000a5600000, 0x00000000a5600000, 0x00000000a5700000|  0%| F|  |TAMS 0x00000000a5600000, 0x00000000a5600000| Untracked 
|  67|0x00000000a5700000, 0x00000000a5700000, 0x00000000a5800000|  0%| F|  |TAMS 0x00000000a5700000, 0x00000000a5700000| Untracked 
|  68|0x00000000a5800000, 0x00000000a5800000, 0x00000000a5900000|  0%| F|  |TAMS 0x00000000a5800000, 0x00000000a5800000| Untracked 
|  69|0x00000000a5900000, 0x00000000a5900000, 0x00000000a5a00000|  0%| F|  |TAMS 0x00000000a5900000, 0x00000000a5900000| Untracked 
|  70|0x00000000a5a00000, 0x00000000a5a00000, 0x00000000a5b00000|  0%| F|  |TAMS 0x00000000a5a00000, 0x00000000a5a00000| Untracked 
|  71|0x00000000a5b00000, 0x00000000a5b00000, 0x00000000a5c00000|  0%| F|  |TAMS 0x00000000a5b00000, 0x00000000a5b00000| Untracked 
|  72|0x00000000a5c00000, 0x00000000a5c00000, 0x00000000a5d00000|  0%| F|  |TAMS 0x00000000a5c00000, 0x00000000a5c00000| Untracked 
|  73|0x00000000a5d00000, 0x00000000a5d00000, 0x00000000a5e00000|  0%| F|  |TAMS 0x00000000a5d00000, 0x00000000a5d00000| Untracked 
|  74|0x00000000a5e00000, 0x00000000a5e00000, 0x00000000a5f00000|  0%| F|  |TAMS 0x00000000a5e00000, 0x00000000a5e00000| Untracked 
|  75|0x00000000a5f00000, 0x00000000a5f00000, 0x00000000a6000000|  0%| F|  |TAMS 0x00000000a5f00000, 0x00000000a5f00000| Untracked 
|  76|0x00000000a6000000, 0x00000000a6000000, 0x00000000a6100000|  0%| F|  |TAMS 0x00000000a6000000, 0x00000000a6000000| Untracked 
|  77|0x00000000a6100000, 0x00000000a6100000, 0x00000000a6200000|  0%| F|  |TAMS 0x00000000a6100000, 0x00000000a6100000| Untracked 
|  78|0x00000000a6200000, 0x00000000a6200000, 0x00000000a6300000|  0%| F|  |TAMS 0x00000000a6200000, 0x00000000a6200000| Untracked 
|  79|0x00000000a6300000, 0x00000000a6300000, 0x00000000a6400000|  0%| F|  |TAMS 0x00000000a6300000, 0x00000000a6300000| Untracked 
|  80|0x00000000a6400000, 0x00000000a6400000, 0x00000000a6500000|  0%| F|  |TAMS 0x00000000a6400000, 0x00000000a6400000| Untracked 
|  81|0x00000000a6500000, 0x00000000a6500000, 0x00000000a6600000|  0%| F|  |TAMS 0x00000000a6500000, 0x00000000a6500000| Untracked 
|  82|0x00000000a6600000, 0x00000000a6600000, 0x00000000a6700000|  0%| F|  |TAMS 0x00000000a6600000, 0x00000000a6600000| Untracked 
|  83|0x00000000a6700000, 0x00000000a6700000, 0x00000000a6800000|  0%| F|  |TAMS 0x00000000a6700000, 0x00000000a6700000| Untracked 
|  84|0x00000000a6800000, 0x00000000a6800000, 0x00000000a6900000|  0%| F|  |TAMS 0x00000000a6800000, 0x00000000a6800000| Untracked 
|  85|0x00000000a6900000, 0x00000000a6900000, 0x00000000a6a00000|  0%| F|  |TAMS 0x00000000a6900000, 0x00000000a6900000| Untracked 
|  86|0x00000000a6a00000, 0x00000000a6a00000, 0x00000000a6b00000|  0%| F|  |TAMS 0x00000000a6a00000, 0x00000000a6a00000| Untracked 
|  87|0x00000000a6b00000, 0x00000000a6b00000, 0x00000000a6c00000|  0%| F|  |TAMS 0x00000000a6b00000, 0x00000000a6b00000| Untracked 
|  88|0x00000000a6c00000, 0x00000000a6c00000, 0x00000000a6d00000|  0%| F|  |TAMS 0x00000000a6c00000, 0x00000000a6c00000| Untracked 
|  89|0x00000000a6d00000, 0x00000000a6d76700, 0x00000000a6e00000| 46%| E|  |TAMS 0x00000000a6d00000, 0x00000000a6d00000| Complete 
|  90|0x00000000a6e00000, 0x00000000a6f00000, 0x00000000a6f00000|100%| E|CS|TAMS 0x00000000a6e00000, 0x00000000a6e00000| Complete 
|  91|0x00000000a6f00000, 0x00000000a7000000, 0x00000000a7000000|100%| E|CS|TAMS 0x00000000a6f00000, 0x00000000a6f00000| Complete 
|  92|0x00000000a7000000, 0x00000000a7100000, 0x00000000a7100000|100%| E|  |TAMS 0x00000000a7000000, 0x00000000a7000000| Complete 
|  93|0x00000000a7100000, 0x00000000a7200000, 0x00000000a7200000|100%| E|CS|TAMS 0x00000000a7100000, 0x00000000a7100000| Complete 
|  94|0x00000000a7200000, 0x00000000a7300000, 0x00000000a7300000|100%| E|CS|TAMS 0x00000000a7200000, 0x00000000a7200000| Complete 
|  95|0x00000000a7300000, 0x00000000a7400000, 0x00000000a7400000|100%| E|CS|TAMS 0x00000000a7300000, 0x00000000a7300000| Complete 

Card table byte_map: [0x00000196d56e0000,0x00000196d59e0000] _byte_map_base: 0x00000196d51d6000

Marking Bits (Prev, Next): (CMBitMap*) 0x00000196be7c95a0, (CMBitMap*) 0x00000196be7c95e0
 Prev Bits: [0x00000196d5ce0000, 0x00000196d7490000)
 Next Bits: [0x00000196d7490000, 0x00000196d8c40000)

Polling page: 0x00000196bc8d0000

Metaspace:

Usage:
  Non-class:      2.10 MB used.
      Class:    212.52 KB used.
       Both:      2.30 MB used.

Virtual space:
  Non-class space:       64.00 MB reserved,       2.12 MB (  3%) committed,  1 nodes.
      Class space:        1.00 GB reserved,     320.00 KB ( <1%) committed,  1 nodes.
             Both:        1.06 GB reserved,       2.44 MB ( <1%) committed. 

Chunk freelists:
   Non-Class:  3.25 MB
       Class:  3.66 MB
        Both:  6.91 MB

MaxMetaspaceSize: unlimited
CompressedClassSpaceSize: 1.00 GB
Initial GC threshold: 21.00 MB
Current GC threshold: 21.00 MB
CDS: on
MetaspaceReclaimPolicy: balanced
 - commit_granule_bytes: 65536.
 - commit_granule_words: 8192.
 - virtual_space_node_default_size: 8388608.
 - enlarge_chunks_in_place: 1.
 - new_chunks_are_fully_committed: 0.
 - uncommit_free_chunks: 1.
 - use_allocation_guard: 0.


Internal statistics:

num_allocs_failed_limit: 0.
num_arena_births: 32.
num_arena_deaths: 0.
num_vsnodes_births: 2.
num_vsnodes_deaths: 0.
num_space_committed: 39.
num_space_uncommitted: 0.
num_chunks_returned_to_freelist: 0.
num_chunks_taken_from_freelist: 74.
num_chunk_merges: 0.
num_chunk_splits: 50.
num_chunks_enlarged: 39.
num_inconsistent_stats: 0.

CodeHeap 'non-profiled nmethods': size=120000Kb used=153Kb max_used=153Kb free=119846Kb
 bounds [0x00000196cdb80000, 0x00000196cddf0000, 0x00000196d50b0000]
CodeHeap 'profiled nmethods': size=120000Kb used=883Kb max_used=883Kb free=119116Kb
 bounds [0x00000196c6650000, 0x00000196c68c0000, 0x00000196cdb80000]
CodeHeap 'non-nmethods': size=5760Kb used=1140Kb max_used=1155Kb free=4619Kb
 bounds [0x00000196c60b0000, 0x00000196c6320000, 0x00000196c6650000]
 total_blobs=957 nmethods=544 adapters=326
 compilation: enabled
              stopped_count=0, restarted_count=0
 full_count=0

Compilation events (20 events):
Event: 0.809 Thread 0x00000196db61cea0  534       3       java.lang.String::indexOf (18 bytes)
Event: 0.809 Thread 0x00000196db61cea0 nmethod 534 0x00000196c6729c90 code [0x00000196c6729e60, 0x00000196c672a128]
Event: 0.810 Thread 0x00000196db61cea0  535       3       java.lang.String::indexOf (113 bytes)
Event: 0.810 Thread 0x00000196db61cea0 nmethod 535 0x00000196c672a290 code [0x00000196c672a4c0, 0x00000196c672aae8]
Event: 0.811 Thread 0x00000196db61cea0  536       3       java.net.URL::<init> (8 bytes)
Event: 0.811 Thread 0x00000196db61cea0 nmethod 536 0x00000196c672ac90 code [0x00000196c672ae40, 0x00000196c672af88]
Event: 0.812 Thread 0x00000196db608b90  537 %     4       java.lang.StringLatin1::indexOf @ 30 (121 bytes)
Event: 0.816 Thread 0x00000196db61cea0  539       3       jdk.internal.jimage.BasicImageReader::getLocationIndex (52 bytes)
Event: 0.817 Thread 0x00000196db61cea0 nmethod 539 0x00000196c672b010 code [0x00000196c672b200, 0x00000196c672b698]
Event: 0.819 Thread 0x00000196db61cea0  541       3       java.util.ArrayList$Itr::next (66 bytes)
Event: 0.820 Thread 0x00000196db61cea0 nmethod 541 0x00000196c672b910 code [0x00000196c672bb00, 0x00000196c672bec8]
Event: 0.820 Thread 0x00000196db61cea0  542       3       java.util.ArrayList$Itr::checkForComodification (23 bytes)
Event: 0.820 Thread 0x00000196db61cea0 nmethod 542 0x00000196c672c090 code [0x00000196c672c240, 0x00000196c672c408]
Event: 0.820 Thread 0x00000196db61cea0  543       3       java.lang.Character::getType (9 bytes)
Event: 0.820 Thread 0x00000196db61cea0 nmethod 543 0x00000196c672c510 code [0x00000196c672c6c0, 0x00000196c672c8b8]
Event: 0.820 Thread 0x00000196db61cea0  544       3       java.lang.CharacterDataLatin1::getType (11 bytes)
Event: 0.820 Thread 0x00000196db61cea0 nmethod 544 0x00000196c672c990 code [0x00000196c672cb40, 0x00000196c672ccf8]
Event: 0.824 Thread 0x00000196db61cea0  545       3       jdk.internal.loader.ClassLoaders$AppClassLoader::loadClass (40 bytes)
Event: 0.825 Thread 0x00000196db608b90 nmethod 537% 0x00000196cdba5610 code [0x00000196cdba57a0, 0x00000196cdba5b18]
Event: 0.825 Thread 0x00000196db608b90  540       4       java.nio.Buffer::scope (17 bytes)

GC Heap History (0 events):
No events

Deoptimization events (4 events):
Event: 0.300 Thread 0x00000196be777660 Uncommon trap: trap_request=0xffffff45 fr.pc=0x00000196cdb8b264 relative=0x0000000000000064
Event: 0.300 Thread 0x00000196be777660 Uncommon trap: reason=unstable_if action=reinterpret pc=0x00000196cdb8b264 method=java.io.WinNTFileSystem.isSlash(C)Z @ 9 c2
Event: 0.300 Thread 0x00000196be777660 DEOPT PACKING pc=0x00000196cdb8b264 sp=0x000000221c2fe330
Event: 0.300 Thread 0x00000196be777660 DEOPT UNPACKING pc=0x00000196c61023a3 sp=0x000000221c2fe2b8 mode 2

Classes loaded (20 events):
Event: 0.776 Loading class sun/net/ProgressMeteringPolicy
Event: 0.776 Loading class sun/net/ProgressMeteringPolicy done
Event: 0.776 Loading class sun/net/DefaultProgressMeteringPolicy done
Event: 0.782 Loading class java/lang/IllegalAccessException
Event: 0.782 Loading class java/lang/IllegalAccessException done
Event: 0.783 Loading class java/lang/InstantiationException
Event: 0.783 Loading class java/lang/InstantiationException done
Event: 0.792 Loading class java/io/StringWriter
Event: 0.792 Loading class java/io/StringWriter done
Event: 0.793 Loading class java/io/StringReader
Event: 0.793 Loading class java/io/StringReader done
Event: 0.797 Loading class java/lang/AssertionError
Event: 0.797 Loading class java/lang/AssertionError done
Event: 0.805 Loading class java/lang/StringIndexOutOfBoundsException
Event: 0.805 Loading class java/lang/IndexOutOfBoundsException
Event: 0.805 Loading class java/lang/IndexOutOfBoundsException done
Event: 0.805 Loading class java/lang/StringIndexOutOfBoundsException done
Event: 0.818 Loading class jdk/internal/misc/ScopedMemoryAccess$Scope
Event: 0.818 Loading class jdk/internal/misc/ScopedMemoryAccess$Scope done
Event: 0.824 Loading class java/io/FileReader

Classes unloaded (0 events):
No events

Classes redefined (0 events):
No events

Internal exceptions (3 events):
Event: 0.332 Thread 0x00000196be777660 Exception <a 'java/lang/NoSuchMethodError'{0x00000000a704d590}: 'java.lang.Object java.lang.invoke.Invokers$Holder.invokeExact_MT(java.lang.Object, java.lang.Object, java.lang.Object, java.lang.Object, java.lang.Object)'> (0x00000000a704d590) 
thrown [s\open\src\hotspot\share\interpreter\linkResolver.cpp, line 766]
Event: 0.468 Thread 0x00000196be777660 Exception <a 'java/lang/NoSuchMethodError'{0x00000000a6f51a28}: 'java.lang.Object java.lang.invoke.DirectMethodHandle$Holder.invokeStaticInit(java.lang.Object, int, int, int, int)'> (0x00000000a6f51a28) 
thrown [s\open\src\hotspot\share\interpreter\linkResolver.cpp, line 766]
Event: 0.601 Thread 0x00000196be777660 Exception <a 'java/lang/NoSuchMethodError'{0x00000000a6f9a260}: 'java.lang.Object java.lang.invoke.DirectMethodHandle$Holder.invokeStaticInit(java.lang.Object, java.lang.Object, int, int, int, int)'> (0x00000000a6f9a260) 
thrown [s\open\src\hotspot\share\interpreter\linkResolver.cpp, line 766]

VM Operations (12 events):
Event: 0.116 Executing VM operation: HandshakeAllThreads
Event: 0.116 Executing VM operation: HandshakeAllThreads done
Event: 0.363 Executing VM operation: HandshakeAllThreads
Event: 0.363 Executing VM operation: HandshakeAllThreads done
Event: 0.500 Executing VM operation: HandshakeAllThreads
Event: 0.500 Executing VM operation: HandshakeAllThreads done
Event: 0.612 Executing VM operation: HandshakeAllThreads
Event: 0.612 Executing VM operation: HandshakeAllThreads done
Event: 0.659 Executing VM operation: HandshakeAllThreads
Event: 0.659 Executing VM operation: HandshakeAllThreads done
Event: 0.773 Executing VM operation: HandshakeAllThreads
Event: 0.774 Executing VM operation: HandshakeAllThreads done

Events (20 events):
Event: 0.030 Loaded shared library C:\Program Files\Java\jdk-18.0.1\bin\jsvml.dll
Event: 0.031 Thread 0x00000196be777660 Thread added: 0x00000196be777660
Event: 0.035 Thread 0x00000196db5e6ac0 Thread added: 0x00000196db5e6ac0
Event: 0.035 Thread 0x00000196db5e7720 Thread added: 0x00000196db5e7720
Event: 0.056 Thread 0x00000196db603f40 Thread added: 0x00000196db603f40
Event: 0.056 Thread 0x00000196db6058f0 Thread added: 0x00000196db6058f0
Event: 0.056 Thread 0x00000196db606290 Thread added: 0x00000196db606290
Event: 0.056 Thread 0x00000196db606d70 Thread added: 0x00000196db606d70
Event: 0.057 Thread 0x00000196db608b90 Thread added: 0x00000196db608b90
Event: 0.057 Thread 0x00000196db61cea0 Thread added: 0x00000196db61cea0
Event: 0.057 Thread 0x00000196db6333c0 Thread added: 0x00000196db6333c0
Event: 0.086 Thread 0x00000196df884700 Thread added: 0x00000196df884700
Event: 0.094 Thread 0x00000196df8888a0 Thread added: 0x00000196df8888a0
Event: 0.102 Loaded shared library C:\Program Files\Java\jdk-18.0.1\bin\net.dll
Event: 0.107 Loaded shared library C:\Program Files\Java\jdk-18.0.1\bin\nio.dll
Event: 0.115 Loaded shared library C:\Program Files\Java\jdk-18.0.1\bin\zip.dll
Event: 0.368 Loaded shared library C:\Program Files\Java\jdk-18.0.1\bin\verify.dll
Event: 0.399 Loaded shared library C:\Program Files\Java\jdk-18.0.1\bin\jimage.dll
Event: 0.653 Loaded shared library C:\Users\guill\AppData\Local\Temp\jansi-1.17.1-2708375098780757364.dll
Event: 0.690 Loaded shared library C:\Users\guill\AppData\Local\Temp\jansi-1.17.1-3176157090017154440.dll


Dynamic libraries:
0x00007ff7a7750000 - 0x00007ff7a7760000 	C:\Program Files\Java\jdk-18.0.1\bin\java.exe
0x00007ffbfbb50000 - 0x00007ffbfbd45000 	C:\WINDOWS\SYSTEM32\ntdll.dll
0x00007ffbd8b00000 - 0x00007ffbd8b16000 	C:\Program Files\Avast Software\Avast\aswhook.dll
0x00007ffbf9ba0000 - 0x00007ffbf9c5d000 	C:\WINDOWS\System32\KERNEL32.DLL
0x00007ffbf97d0000 - 0x00007ffbf9a9d000 	C:\WINDOWS\System32\KERNELBASE.dll
0x00007ffbf9aa0000 - 0x00007ffbf9ba0000 	C:\WINDOWS\System32\ucrtbase.dll
0x00007ffbf2cb0000 - 0x00007ffbf2cc8000 	C:\Program Files\Java\jdk-18.0.1\bin\jli.dll
0x00007ffbec2b0000 - 0x00007ffbec2ca000 	C:\Program Files\Java\jdk-18.0.1\bin\VCRUNTIME140.dll
0x00007ffbfb5f0000 - 0x00007ffbfb69e000 	C:\WINDOWS\System32\ADVAPI32.dll
0x00007ffbf9da0000 - 0x00007ffbf9e3e000 	C:\WINDOWS\System32\msvcrt.dll
0x00007ffbfa6b0000 - 0x00007ffbfa74c000 	C:\WINDOWS\System32\sechost.dll
0x00007ffbfb460000 - 0x00007ffbfb585000 	C:\WINDOWS\System32\RPCRT4.dll
0x00007ffbfb7c0000 - 0x00007ffbfb960000 	C:\WINDOWS\System32\USER32.dll
0x00007ffbdc100000 - 0x00007ffbdc39a000 	C:\WINDOWS\WinSxS\amd64_microsoft.windows.common-controls_6595b64144ccf1df_6.0.19041.1110_none_60b5254171f9507e\COMCTL32.dll
0x00007ffbf9700000 - 0x00007ffbf9722000 	C:\WINDOWS\System32\win32u.dll
0x00007ffbfa680000 - 0x00007ffbfa6aa000 	C:\WINDOWS\System32\GDI32.dll
0x00007ffbf9540000 - 0x00007ffbf964b000 	C:\WINDOWS\System32\gdi32full.dll
0x00007ffbf9340000 - 0x00007ffbf93dd000 	C:\WINDOWS\System32\msvcp_win.dll
0x00007ffbf2c30000 - 0x00007ffbf2c3a000 	C:\WINDOWS\SYSTEM32\VERSION.dll
0x00007ffbfa650000 - 0x00007ffbfa680000 	C:\WINDOWS\System32\IMM32.DLL
0x00007ffbf3df0000 - 0x00007ffbf3dfc000 	C:\Program Files\Java\jdk-18.0.1\bin\vcruntime140_1.dll
0x00007ffbda4c0000 - 0x00007ffbda54d000 	C:\Program Files\Java\jdk-18.0.1\bin\msvcp140.dll
0x00007ffbbf6a0000 - 0x00007ffbc02b0000 	C:\Program Files\Java\jdk-18.0.1\bin\server\jvm.dll
0x00007ffbf9c60000 - 0x00007ffbf9c68000 	C:\WINDOWS\System32\PSAPI.DLL
0x00007ffbe6a50000 - 0x00007ffbe6a59000 	C:\WINDOWS\SYSTEM32\WSOCK32.dll
0x00007ffbedb20000 - 0x00007ffbedb47000 	C:\WINDOWS\SYSTEM32\WINMM.dll
0x00007ffbfa7b0000 - 0x00007ffbfa81b000 	C:\WINDOWS\System32\WS2_32.dll
0x00007ffbf7120000 - 0x00007ffbf7132000 	C:\WINDOWS\SYSTEM32\kernel.appcore.dll
0x00007ffbf07b0000 - 0x00007ffbf07ba000 	C:\Program Files\Java\jdk-18.0.1\bin\jimage.dll
0x00007ffbe8240000 - 0x00007ffbe8424000 	C:\WINDOWS\SYSTEM32\DBGHELP.DLL
0x00007ffbe8210000 - 0x00007ffbe823c000 	C:\WINDOWS\SYSTEM32\dbgcore.DLL
0x00007ffbf92b0000 - 0x00007ffbf9332000 	C:\WINDOWS\System32\bcryptPrimitives.dll
0x00007ffbec280000 - 0x00007ffbec2a5000 	C:\Program Files\Java\jdk-18.0.1\bin\java.dll
0x00007ffbd4ec0000 - 0x00007ffbd4f96000 	C:\Program Files\Java\jdk-18.0.1\bin\jsvml.dll
0x00007ffbfa8d0000 - 0x00007ffbfb014000 	C:\WINDOWS\System32\SHELL32.dll
0x00007ffbf7320000 - 0x00007ffbf7ab4000 	C:\WINDOWS\SYSTEM32\windows.storage.dll
0x00007ffbfb020000 - 0x00007ffbfb374000 	C:\WINDOWS\System32\combase.dll
0x00007ffbf8bf0000 - 0x00007ffbf8c1c000 	C:\WINDOWS\SYSTEM32\Wldp.dll
0x00007ffbfa090000 - 0x00007ffbfa13d000 	C:\WINDOWS\System32\SHCORE.dll
0x00007ffbfb590000 - 0x00007ffbfb5e5000 	C:\WINDOWS\System32\shlwapi.dll
0x00007ffbf91a0000 - 0x00007ffbf91bf000 	C:\WINDOWS\SYSTEM32\profapi.dll
0x00007ffbec260000 - 0x00007ffbec273000 	C:\Program Files\Java\jdk-18.0.1\bin\net.dll
0x00007ffbf02b0000 - 0x00007ffbf03ba000 	C:\WINDOWS\SYSTEM32\WINHTTP.dll
0x00007ffbf8910000 - 0x00007ffbf897a000 	C:\WINDOWS\system32\mswsock.dll
0x00007ffbebfa0000 - 0x00007ffbebfb6000 	C:\Program Files\Java\jdk-18.0.1\bin\nio.dll
0x00007ffbe4750000 - 0x00007ffbe4768000 	C:\Program Files\Java\jdk-18.0.1\bin\zip.dll
0x00007ffbf3e60000 - 0x00007ffbf3e70000 	C:\Program Files\Java\jdk-18.0.1\bin\verify.dll
0x00007ffbf8b40000 - 0x00007ffbf8b58000 	C:\WINDOWS\SYSTEM32\CRYPTSP.dll
0x00007ffbf8290000 - 0x00007ffbf82c4000 	C:\WINDOWS\system32\rsaenh.dll
0x00007ffbf97a0000 - 0x00007ffbf97c7000 	C:\WINDOWS\System32\bcrypt.dll
0x00007ffbf9120000 - 0x00007ffbf914e000 	C:\WINDOWS\SYSTEM32\USERENV.dll
0x00007ffbf8b60000 - 0x00007ffbf8b6c000 	C:\WINDOWS\SYSTEM32\CRYPTBASE.dll
0x00007ffbf8610000 - 0x00007ffbf864b000 	C:\WINDOWS\SYSTEM32\IPHLPAPI.DLL
0x00007ffbf9ec0000 - 0x00007ffbf9ec8000 	C:\WINDOWS\System32\NSI.dll
0x00007ffbefaa0000 - 0x00007ffbefab7000 	C:\WINDOWS\SYSTEM32\dhcpcsvc6.DLL
0x00007ffbf0450000 - 0x00007ffbf046d000 	C:\WINDOWS\SYSTEM32\dhcpcsvc.DLL
0x00007ffbf8650000 - 0x00007ffbf871b000 	C:\WINDOWS\SYSTEM32\DNSAPI.dll
0x00007ffbf3800000 - 0x00007ffbf380a000 	C:\Users\guill\AppData\Local\Temp\jansi-1.17.1-2708375098780757364.dll
0x00007ffbf2c80000 - 0x00007ffbf2c8a000 	C:\Users\guill\AppData\Local\Temp\jansi-1.17.1-3176157090017154440.dll

dbghelp: loaded successfully - version: 4.0.5 - missing functions: none
symbol engine: initialized successfully - sym options: 0x614 - pdb path: .;C:\Program Files\Java\jdk-18.0.1\bin;C:\WINDOWS\SYSTEM32;C:\Program Files\Avast Software\Avast;C:\WINDOWS\WinSxS\amd64_microsoft.windows.common-controls_6595b64144ccf1df_6.0.19041.1110_none_60b5254171f9507e;C:\Program Files\Java\jdk-18.0.1\bin\server;C:\Users\guill\AppData\Local\Temp

VM Arguments:
jvm_args: -Dmaven.multiModuleProjectDirectory=C:\Users\guill\gitProjects\mmocore -Dmaven.home=C:\Program Files\JetBrains\IntelliJ IDEA Community Edition 2021.1.2\plugins\maven\lib\maven3 -Dclassworlds.conf=C:\Program Files\JetBrains\IntelliJ IDEA Community Edition 2021.1.2\plugins\maven\lib\maven3\bin\m2.conf -Dmaven.ext.class.path=C:\Program Files\JetBrains\IntelliJ IDEA Community Edition 2021.1.2\plugins\maven\lib\maven-event-listener.jar -Dfile.encoding=UTF-8 
java_command: org.codehaus.classworlds.Launcher -Didea.version=2021.1.2 install --non-recursive
java_class_path (initial): C:\Program Files\JetBrains\IntelliJ IDEA Community Edition 2021.1.2\plugins\maven\lib\maven3\boot\plexus-classworlds-2.6.0.jar;C:\Program Files\JetBrains\IntelliJ IDEA Community Edition 2021.1.2\plugins\maven\lib\maven3\boot\plexus-classworlds.license
Launcher Type: SUN_STANDARD

[Global flags]
     intx CICompilerCount                          = 4                                         {product} {ergonomic}
     uint ConcGCThreads                            = 2                                         {product} {ergonomic}
     uint G1ConcRefinementThreads                  = 8                                         {product} {ergonomic}
   size_t G1HeapRegionSize                         = 1048576                                   {product} {ergonomic}
    uintx GCDrainStackTargetSize                   = 64                                        {product} {ergonomic}
   size_t InitialHeapSize                          = 100663296                                 {product} {ergonomic}
   size_t MarkStackSize                            = 4194304                                   {product} {ergonomic}
   size_t MaxHeapSize                              = 1589641216                                {product} {ergonomic}
   size_t MaxNewSize                               = 953155584                                 {product} {ergonomic}
   size_t MinHeapDeltaBytes                        = 1048576                                   {product} {ergonomic}
   size_t MinHeapSize                              = 8388608                                   {product} {ergonomic}
    uintx NonNMethodCodeHeapSize                   = 5839372                                {pd product} {ergonomic}
    uintx NonProfiledCodeHeapSize                  = 122909434                              {pd product} {ergonomic}
    uintx ProfiledCodeHeapSize                     = 122909434                              {pd product} {ergonomic}
    uintx ReservedCodeCacheSize                    = 251658240                              {pd product} {ergonomic}
     bool SegmentedCodeCache                       = true                                      {product} {ergonomic}
   size_t SoftMaxHeapSize                          = 1589641216                             {manageable} {ergonomic}
     bool UseCompressedClassPointers               = true                           {product lp64_product} {ergonomic}
     bool UseCompressedOops                        = true                           {product lp64_product} {ergonomic}
     bool UseG1GC                                  = true                                      {product} {ergonomic}
     bool UseLargePagesIndividualAllocation        = false                                  {pd product} {ergonomic}

Logging:
Log output configuration:
 #0: stdout all=warning uptime,level,tags foldmultilines=false
 #1: stderr all=off uptime,level,tags foldmultilines=false

Environment Variables:
PATH=C:\Program Files\Common Files\Oracle\Java\javapath;C:\Program Files\Java\jdk-16.0.2\bin\;C:\WINDOWS\system32;C:\WINDOWS;C:\WINDOWS\System32\Wbem;C:\WINDOWS\System32\WindowsPowerShell\v1.0\;C:\WINDOWS\System32\OpenSSH\;C:\Program Files\nodejs\;C:\Program Files\Docker\Docker\resources\bin;C:\ProgramData\DockerDesktop\version-bin;PATH;C:\Users\guill\AppData\Local\Microsoft\WindowsApps;C:\Windows\System32;;C:\Users\guill\Desktop\Microsoft VS Code\bin;C:\Users\guill\AppData\Roaming\npm
USERNAME=guill
OS=Windows_NT
PROCESSOR_IDENTIFIER=AMD64 Family 23 Model 24 Stepping 1, AuthenticAMD



---------------  S Y S T E M  ---------------

OS:
 Windows 10 , 64 bit Build 19041 (10.0.19041.1706)
OS uptime: 11 days 18:11 hours
Hyper-V role detected

CPU: total 8 (initial active 8) (8 cores per cpu, 2 threads per core) family 23 model 24 stepping 1 microcode 0x0, cx8, cmov, fxsr, ht, mmx, 3dnowpref, sse, sse2, sse3, ssse3, sse4a, sse4.1, sse4.2, popcnt, lzcnt, tsc, tscinvbit, avx, avx2, aes, clmul, bmi1, bmi2, adx, sha, fma, vzeroupper, clflush, clflushopt, hv

Memory: 4k page, system-wide physical 6061M (387M free)
TotalPageFile size 24493M (AvailPageFile size 0M)
current process WorkingSet (physical memory assigned to process): 44M, peak: 44M
current process commit charge ("private bytes"): 182M, peak: 182M

vm_info: Java HotSpot(TM) 64-Bit Server VM (18.0.1+10-24) for windows-amd64 JRE (18.0.1+10-24), built on Mar  9 2022 22:41:56 by "mach5one" with MS VC++ 16.8 / 16.9 (VS2019)

END.
