#
# There is insufficient memory for the Java Runtime Environment to continue.
# Native memory allocation (mmap) failed to map 65536 bytes for Failed to commit metaspace.
# Possible reasons:
#   The system is out of physical RAM or swap space
#   The process is running with CompressedOops enabled, and the Java Heap may be blocking the growth of the native heap
# Possible solutions:
#   Reduce memory load on the system
#   Increase physical memory or swap space
#   Check if swap backing store is full
#   Decrease Java heap size (-Xmx/-Xms)
#   Decrease number of Java threads
#   Decrease Java thread stack sizes (-Xss)
#   Set larger code cache with -XX:ReservedCodeCacheSize=
#   JVM is running with Unscaled Compressed Oops mode in which the Java heap is
#     placed in the first 4GB address space. The Java Heap base address is the
#     maximum limit for the native heap growth. Please use -XX:HeapBaseMinAddress
#     to set the Java Heap base and to place the Java Heap above 4GB virtual address.
# This output file may be truncated or incomplete.
#
#  Out of Memory Error (virtualSpaceNode.cpp:110), pid=23924, tid=35452
#
# JRE version: Java(TM) SE Runtime Environment (18.0.1+10) (build 18.0.1+10-24)
# Java VM: Java HotSpot(TM) 64-Bit Server VM (18.0.1+10-24, mixed mode, sharing, tiered, compressed oops, compressed class ptrs, g1 gc, windows-amd64)
# No core dump will be written. Minidumps are not enabled by default on client versions of Windows
#

---------------  S U M M A R Y ------------

Command Line: -Dmaven.multiModuleProjectDirectory=C:\Users\guill\gitProjects\mmocore -Dmaven.home=C:\Program Files\JetBrains\IntelliJ IDEA Community Edition 2021.1.2\plugins\maven\lib\maven3 -Dclassworlds.conf=C:\Program Files\JetBrains\IntelliJ IDEA Community Edition 2021.1.2\plugins\maven\lib\maven3\bin\m2.conf -Dmaven.ext.class.path=C:\Program Files\JetBrains\IntelliJ IDEA Community Edition 2021.1.2\plugins\maven\lib\maven-event-listener.jar -Dfile.encoding=UTF-8 org.codehaus.classworlds.Launcher -Didea.version=2021.1.2 install --non-recursive

Host: AMD Ryzen 7 3700U with Radeon Vega Mobile Gfx  , 8 cores, 5G,  Windows 10 , 64 bit Build 19041 (10.0.19041.1706)
Time: Tue May 24 23:24:35 2022 Paris, Madrid (heure duild 19041 (10.0.19041.1706) elapsed time: 1.633790 seconds (0d 0h 0m 1s)

---------------  T H R E A D  ---------------

Current thread (0x000002cbfa035c40):  JavaThread "main" [_thread_in_vm, id=35452, stack(0x000000db19a00000,0x000000db19b00000)]

Stack: [0x000000db19a00000,0x000000db19b00000]
Native frames: (J=compiled Java code, j=interpreted, Vv=VM code, C=native code)
V  [jvm.dll+0x69887a]
V  [jvm.dll+0x7f38bd]
V  [jvm.dll+0x7f51ce]
V  [jvm.dll+0x7f5883]
V  [jvm.dll+0x25ca3f]
V  [jvm.dll+0x7ef5cb]
V  [jvm.dll+0x63ea76]
V  [jvm.dll+0x63eada]
V  [jvm.dll+0x64135e]
V  [jvm.dll+0x64121e]
V  [jvm.dll+0x63f43e]
V  [jvm.dll+0x649ab7]
V  [jvm.dll+0x64ce3b]
V  [jvm.dll+0x76af50]
V  [jvm.dll+0x57dc2a]
V  [jvm.dll+0x57f856]
V  [jvm.dll+0x57d4be]
V  [jvm.dll+0x57fe0b]
V  [jvm.dll+0x659f38]
V  [jvm.dll+0x655f11]
C  0x000002cb8787d621

Java frames: (J=compiled Java code, j=interpreted, Vv=VM code)
j  java.lang.invoke.MethodHandleNatives.resolve(Ljava/lang/invoke/MemberName;Ljava/lang/Class;IZ)Ljava/lang/invoke/MemberName;+0 java.base@18.0.1
j  java.lang.invoke.MemberName$Factory.resolve(BLjava/lang/invoke/MemberName;Ljava/lang/Class;IZ)Ljava/lang/invoke/MemberName;+36 java.base@18.0.1
j  java.lang.invoke.MemberName$Factory.resolveOrFail(BLjava/lang/invoke/MemberName;Ljava/lang/Class;ILjava/lang/Class;)Ljava/lang/invoke/MemberName;+31 java.base@18.0.1
j  java.lang.invoke.DirectMethodHandle.makePreparedLambdaForm(Ljava/lang/invoke/MethodType;I)Ljava/lang/invoke/LambdaForm;+330 java.base@18.0.1
j  java.lang.invoke.DirectMethodHandle.preparedLambdaForm(Ljava/lang/invoke/MethodType;I)Ljava/lang/invoke/LambdaForm;+17 java.base@18.0.1
j  java.lang.invoke.DirectMethodHandle.preparedLambdaForm(Ljava/lang/invoke/MemberName;Z)Ljava/lang/invoke/LambdaForm;+159 java.base@18.0.1
j  java.lang.invoke.DirectMethodHandle.preparedLambdaForm(Ljava/lang/invoke/MemberName;)Ljava/lang/invoke/LambdaForm;+2 java.base@18.0.1
j  java.lang.invoke.DirectMethodHandle.make(BLjava/lang/Class;Ljava/lang/invoke/MemberName;Ljava/lang/Class;)Ljava/lang/invoke/DirectMethodHandle;+163 java.base@18.0.1
j  java.lang.invoke.DirectMethodHandle.make(Ljava/lang/Class;Ljava/lang/invoke/MemberName;)Ljava/lang/invoke/DirectMethodHandle;+17 java.base@18.0.1
j  java.lang.invoke.DirectMethodHandle.make(Ljava/lang/invoke/MemberName;)Ljava/lang/invoke/DirectMethodHandle;+17 java.base@18.0.1
j  java.lang.invoke.Invokers.basicInvoker()Ljava/lang/invoke/MethodHandle;+60 java.base@18.0.1
j  java.lang.invoke.LambdaForm$NamedFunction.<init>(Ljava/lang/invoke/MethodType;)V+42 java.base@18.0.1
j  java.lang.invoke.LambdaForm$Name.<init>(Ljava/lang/invoke/MethodType;[Ljava/lang/Object;)V+6 java.base@18.0.1
j  java.lang.invoke.Invokers.invokeHandleForm(Ljava/lang/invoke/MethodType;ZI)Ljava/lang/invoke/LambdaForm;+595 java.base@18.0.1
j  java.lang.invoke.Invokers.methodHandleInvokeLinkerMethod(Ljava/lang/String;Ljava/lang/invoke/MethodType;[Ljava/lang/Object;)Ljava/lang/invoke/MemberName;+144 java.base@18.0.1
j  java.lang.invoke.MethodHandleNatives.linkMethodImpl(Ljava/lang/Class;ILjava/lang/Class;Ljava/lang/String;Ljava/lang/Object;[Ljava/lang/Object;)Ljava/lang/invoke/MemberName;+20 java.base@18.0.1
j  java.lang.invoke.MethodHandleNatives.linkMethod(Ljava/lang/Class;ILjava/lang/Class;Ljava/lang/String;Ljava/lang/Object;[Ljava/lang/Object;)Ljava/lang/invoke/MemberName;+14 java.base@18.0.1
v  ~StubRoutines::call_stub
j  jdk.internal.reflect.DirectMethodHandleAccessor.invokeImpl(Ljava/lang/Object;[Ljava/lang/Object;)Ljava/lang/Object;+72 java.base@18.0.1
j  jdk.internal.reflect.DirectMethodHandleAccessor.invoke(Ljava/lang/Object;[Ljava/lang/Object;)Ljava/lang/Object;+23 java.base@18.0.1
j  java.lang.reflect.Method.invoke(Ljava/lang/Object;[Ljava/lang/Object;)Ljava/lang/Object;+102 java.base@18.0.1
j  org.codehaus.plexus.classworlds.launcher.Launcher.launchEnhanced([Ljava/lang/String;)V+45
j  org.codehaus.plexus.classworlds.launcher.Launcher.launch([Ljava/lang/String;)V+2
j  org.codehaus.plexus.classworlds.launcher.Launcher.mainWithExitCode([Ljava/lang/String;)I+101
j  org.codehaus.plexus.classworlds.launcher.Launcher.main([Ljava/lang/String;)V+1
j  org.codehaus.classworlds.Launcher.main([Ljava/lang/String;)V+1
v  ~StubRoutines::call_stub

---------------  P R O C E S S  ---------------

Threads class SMR info:
_java_thread_list=0x000002cb9b18d4a0, length=12, elements={
0x000002cbfa035c40, 0x000002cb96ee2c60, 0x000002cb96ee6070, 0x000002cb96f00d20,
0x000002cb96f02ad0, 0x000002cb96f03c10, 0x000002cb96f04e90, 0x000002cb96f09a80,
0x000002cb96f2bd60, 0x000002cb96f406c0, 0x000002cb9b1ca2c0, 0x000002cb9b1d2850
}

Java Threads: ( => current thread )
=>0x000002cbfa035c40 JavaThread "main" [_thread_in_vm, id=35452, stack(0x000000db19a00000,0x000000db19b00000)]
  0x000002cb96ee2c60 JavaThread "Reference Handler" daemon [_thread_blocked, id=5596, stack(0x000000db1a100000,0x000000db1a200000)]
  0x000002cb96ee6070 JavaThread "Finalizer" daemon [_thread_blocked, id=23040, stack(0x000000db1a200000,0x000000db1a300000)]
  0x000002cb96f00d20 JavaThread "Signal Dispatcher" daemon [_thread_blocked, id=34692, stack(0x000000db1a300000,0x000000db1a400000)]
  0x000002cb96f02ad0 JavaThread "Attach Listener" daemon [_thread_blocked, id=10076, stack(0x000000db1a400000,0x000000db1a500000)]
  0x000002cb96f03c10 JavaThread "Service Thread" daemon [_thread_blocked, id=30556, stack(0x000000db1a500000,0x000000db1a600000)]
  0x000002cb96f04e90 JavaThread "Monitor Deflation Thread" daemon [_thread_blocked, id=27468, stack(0x000000db1a600000,0x000000db1a700000)]
  0x000002cb96f09a80 JavaThread "C2 CompilerThread0" daemon [_thread_blocked, id=24056, stack(0x000000db1a700000,0x000000db1a800000)]
  0x000002cb96f2bd60 JavaThread "C1 CompilerThread0" daemon [_thread_in_vm, id=22596, stack(0x000000db1a800000,0x000000db1a900000)]
  0x000002cb96f406c0 JavaThread "Sweeper thread" daemon [_thread_blocked, id=18792, stack(0x000000db1a900000,0x000000db1aa00000)]
  0x000002cb9b1ca2c0 JavaThread "Notification Thread" daemon [_thread_blocked, id=3768, stack(0x000000db1aa00000,0x000000db1ab00000)]
  0x000002cb9b1d2850 JavaThread "Common-Cleaner" daemon [_thread_blocked, id=24964, stack(0x000000db1ac00000,0x000000db1ad00000)]

Other Threads:
  0x000002cbfa0fe0b0 VMThread "VM Thread" [stack: 0x000000db1a000000,0x000000db1a100000] [id=14012]
  0x000002cb9b1d25e0 WatcherThread "VM Periodic Task Thread" [stack: 0x000000db1ab00000,0x000000db1ac00000] [id=30256]
  0x000002cbfa0889b0 WorkerThread "GC Thread#0" [stack: 0x000000db19b00000,0x000000db19c00000] [id=19068]
  0x000002cbfa096740 ConcurrentGCThread "G1 Main Marker" [stack: 0x000000db19c00000,0x000000db19d00000] [id=30540]
  0x000002cbfa0978d0 WorkerThread "G1 Conc#0" [stack: 0x000000db19d00000,0x000000db19e00000] [id=22284]
  0x000002cbfa0dc550 ConcurrentGCThread "G1 Refine#0" [stack: 0x000000db19e00000,0x000000db19f00000] [id=34192]
  0x000002cbfa0dce60 ConcurrentGCThread "G1 Service" [stack: 0x000000db19f00000,0x000000db1a000000] [id=17324]

Threads with active compile tasks:
C1 CompilerThread0     1768  307       3       jdk.internal.org.objectweb.asm.ByteVector::putShort (52 bytes)

VM state: not at safepoint (normal execution)

VM Mutex/Monitor currently owned by a thread:  ([mutex/lock_event])
[0x000002cbfa01e690] Metaspace_lock - owner thread: 0x000002cbfa035c40
[0x000002cbfa02ff60] MethodData_lock - owner thread: 0x000002cb96f2bd60

Heap address: 0x00000000a1400000, size: 1516 MB, Compressed Oops mode: 32-bit

CDS archive(s) mapped at: [0x0000000800000000-0x0000000800ba0000-0x0000000800ba0000), size 12189696, SharedBaseAddress: 0x0000000800000000, ArchiveRelocationMode: 0.
Compressed class space mapped at: 0x0000000800c00000-0x0000000840c00000, reserved size: 1073741824
Narrow klass base: 0x0000000800000000, Narrow klass shift: 0, Narrow klass range: 0x100000000

GC Precious Log:
 CardTable entry size: 512
 Card Set container configuration: InlinePtr #cards 5 size 8 Array Of Cards #cards 12 size 40 Howl #buckets 4 coarsen threshold 1843 Howl Bitmap #cards 512 size 80 coarsen threshold 460 Card regions per heap region 1 cards per card region 2048
 CPUs: 8 total, 8 available
 Memory: 6061M
 Large Page Support: Disabled
 NUMA Support: Disabled
 Compressed Oops: Enabled (32-bit)
 Heap Region Size: 1M
 Heap Min Capacity: 8M
 Heap Initial Capacity: 96M
 Heap Max Capacity: 1516M
 Pre-touch: Disabled
 Parallel Workers: 8
 Concurrent Workers: 2
 Concurrent Refinement Workers: 8
 Periodic GC: Disabled

Heap:
 garbage-first heap   total 98304K, used 3072K [0x00000000a1400000, 0x0000000100000000)
  region size 1024K, 4 young (4096K), 0 survivors (0K)
 Metaspace       used 709K, committed 832K, reserved 1114112K
  class space    used 47K, committed 128K, reserved 1048576K

Heap Regions: E=young(eden), S=young(survivor), O=old, HS=humongous(starts), HC=humongous(continues), CS=collection set, F=free, OA=open archive, CA=closed archive, TAMS=top-at-mark-start (previous, next)
|   0|0x00000000a1400000, 0x00000000a1400000, 0x00000000a1500000|  0%| F|  |TAMS 0x00000000a1400000, 0x00000000a1400000| Untracked 
|   1|0x00000000a1500000, 0x00000000a1500000, 0x00000000a1600000|  0%| F|  |TAMS 0x00000000a1500000, 0x00000000a1500000| Untracked 
|   2|0x00000000a1600000, 0x00000000a1600000, 0x00000000a1700000|  0%| F|  |TAMS 0x00000000a1600000, 0x00000000a1600000| Untracked 
|   3|0x00000000a1700000, 0x00000000a1700000, 0x00000000a1800000|  0%| F|  |TAMS 0x00000000a1700000, 0x00000000a1700000| Untracked 
|   4|0x00000000a1800000, 0x00000000a1800000, 0x00000000a1900000|  0%| F|  |TAMS 0x00000000a1800000, 0x00000000a1800000| Untracked 
|   5|0x00000000a1900000, 0x00000000a1900000, 0x00000000a1a00000|  0%| F|  |TAMS 0x00000000a1900000, 0x00000000a1900000| Untracked 
|   6|0x00000000a1a00000, 0x00000000a1a00000, 0x00000000a1b00000|  0%| F|  |TAMS 0x00000000a1a00000, 0x00000000a1a00000| Untracked 
|   7|0x00000000a1b00000, 0x00000000a1b00000, 0x00000000a1c00000|  0%| F|  |TAMS 0x00000000a1b00000, 0x00000000a1b00000| Untracked 
|   8|0x00000000a1c00000, 0x00000000a1c00000, 0x00000000a1d00000|  0%| F|  |TAMS 0x00000000a1c00000, 0x00000000a1c00000| Untracked 
|   9|0x00000000a1d00000, 0x00000000a1d00000, 0x00000000a1e00000|  0%| F|  |TAMS 0x00000000a1d00000, 0x00000000a1d00000| Untracked 
|  10|0x00000000a1e00000, 0x00000000a1e00000, 0x00000000a1f00000|  0%| F|  |TAMS 0x00000000a1e00000, 0x00000000a1e00000| Untracked 
|  11|0x00000000a1f00000, 0x00000000a1f00000, 0x00000000a2000000|  0%| F|  |TAMS 0x00000000a1f00000, 0x00000000a1f00000| Untracked 
|  12|0x00000000a2000000, 0x00000000a2000000, 0x00000000a2100000|  0%| F|  |TAMS 0x00000000a2000000, 0x00000000a2000000| Untracked 
|  13|0x00000000a2100000, 0x00000000a2100000, 0x00000000a2200000|  0%| F|  |TAMS 0x00000000a2100000, 0x00000000a2100000| Untracked 
|  14|0x00000000a2200000, 0x00000000a2200000, 0x00000000a2300000|  0%| F|  |TAMS 0x00000000a2200000, 0x00000000a2200000| Untracked 
|  15|0x00000000a2300000, 0x00000000a2300000, 0x00000000a2400000|  0%| F|  |TAMS 0x00000000a2300000, 0x00000000a2300000| Untracked 
|  16|0x00000000a2400000, 0x00000000a2400000, 0x00000000a2500000|  0%| F|  |TAMS 0x00000000a2400000, 0x00000000a2400000| Untracked 
|  17|0x00000000a2500000, 0x00000000a2500000, 0x00000000a2600000|  0%| F|  |TAMS 0x00000000a2500000, 0x00000000a2500000| Untracked 
|  18|0x00000000a2600000, 0x00000000a2600000, 0x00000000a2700000|  0%| F|  |TAMS 0x00000000a2600000, 0x00000000a2600000| Untracked 
|  19|0x00000000a2700000, 0x00000000a2700000, 0x00000000a2800000|  0%| F|  |TAMS 0x00000000a2700000, 0x00000000a2700000| Untracked 
|  20|0x00000000a2800000, 0x00000000a2800000, 0x00000000a2900000|  0%| F|  |TAMS 0x00000000a2800000, 0x00000000a2800000| Untracked 
|  21|0x00000000a2900000, 0x00000000a2900000, 0x00000000a2a00000|  0%| F|  |TAMS 0x00000000a2900000, 0x00000000a2900000| Untracked 
|  22|0x00000000a2a00000, 0x00000000a2a00000, 0x00000000a2b00000|  0%| F|  |TAMS 0x00000000a2a00000, 0x00000000a2a00000| Untracked 
|  23|0x00000000a2b00000, 0x00000000a2b00000, 0x00000000a2c00000|  0%| F|  |TAMS 0x00000000a2b00000, 0x00000000a2b00000| Untracked 
|  24|0x00000000a2c00000, 0x00000000a2c00000, 0x00000000a2d00000|  0%| F|  |TAMS 0x00000000a2c00000, 0x00000000a2c00000| Untracked 
|  25|0x00000000a2d00000, 0x00000000a2d00000, 0x00000000a2e00000|  0%| F|  |TAMS 0x00000000a2d00000, 0x00000000a2d00000| Untracked 
|  26|0x00000000a2e00000, 0x00000000a2e00000, 0x00000000a2f00000|  0%| F|  |TAMS 0x00000000a2e00000, 0x00000000a2e00000| Untracked 
|  27|0x00000000a2f00000, 0x00000000a2f00000, 0x00000000a3000000|  0%| F|  |TAMS 0x00000000a2f00000, 0x00000000a2f00000| Untracked 
|  28|0x00000000a3000000, 0x00000000a3000000, 0x00000000a3100000|  0%| F|  |TAMS 0x00000000a3000000, 0x00000000a3000000| Untracked 
|  29|0x00000000a3100000, 0x00000000a3100000, 0x00000000a3200000|  0%| F|  |TAMS 0x00000000a3100000, 0x00000000a3100000| Untracked 
|  30|0x00000000a3200000, 0x00000000a3200000, 0x00000000a3300000|  0%| F|  |TAMS 0x00000000a3200000, 0x00000000a3200000| Untracked 
|  31|0x00000000a3300000, 0x00000000a3300000, 0x00000000a3400000|  0%| F|  |TAMS 0x00000000a3300000, 0x00000000a3300000| Untracked 
|  32|0x00000000a3400000, 0x00000000a3400000, 0x00000000a3500000|  0%| F|  |TAMS 0x00000000a3400000, 0x00000000a3400000| Untracked 
|  33|0x00000000a3500000, 0x00000000a3500000, 0x00000000a3600000|  0%| F|  |TAMS 0x00000000a3500000, 0x00000000a3500000| Untracked 
|  34|0x00000000a3600000, 0x00000000a3600000, 0x00000000a3700000|  0%| F|  |TAMS 0x00000000a3600000, 0x00000000a3600000| Untracked 
|  35|0x00000000a3700000, 0x00000000a3700000, 0x00000000a3800000|  0%| F|  |TAMS 0x00000000a3700000, 0x00000000a3700000| Untracked 
|  36|0x00000000a3800000, 0x00000000a3800000, 0x00000000a3900000|  0%| F|  |TAMS 0x00000000a3800000, 0x00000000a3800000| Untracked 
|  37|0x00000000a3900000, 0x00000000a3900000, 0x00000000a3a00000|  0%| F|  |TAMS 0x00000000a3900000, 0x00000000a3900000| Untracked 
|  38|0x00000000a3a00000, 0x00000000a3a00000, 0x00000000a3b00000|  0%| F|  |TAMS 0x00000000a3a00000, 0x00000000a3a00000| Untracked 
|  39|0x00000000a3b00000, 0x00000000a3b00000, 0x00000000a3c00000|  0%| F|  |TAMS 0x00000000a3b00000, 0x00000000a3b00000| Untracked 
|  40|0x00000000a3c00000, 0x00000000a3c00000, 0x00000000a3d00000|  0%| F|  |TAMS 0x00000000a3c00000, 0x00000000a3c00000| Untracked 
|  41|0x00000000a3d00000, 0x00000000a3d00000, 0x00000000a3e00000|  0%| F|  |TAMS 0x00000000a3d00000, 0x00000000a3d00000| Untracked 
|  42|0x00000000a3e00000, 0x00000000a3e00000, 0x00000000a3f00000|  0%| F|  |TAMS 0x00000000a3e00000, 0x00000000a3e00000| Untracked 
|  43|0x00000000a3f00000, 0x00000000a3f00000, 0x00000000a4000000|  0%| F|  |TAMS 0x00000000a3f00000, 0x00000000a3f00000| Untracked 
|  44|0x00000000a4000000, 0x00000000a4000000, 0x00000000a4100000|  0%| F|  |TAMS 0x00000000a4000000, 0x00000000a4000000| Untracked 
|  45|0x00000000a4100000, 0x00000000a4100000, 0x00000000a4200000|  0%| F|  |TAMS 0x00000000a4100000, 0x00000000a4100000| Untracked 
|  46|0x00000000a4200000, 0x00000000a4200000, 0x00000000a4300000|  0%| F|  |TAMS 0x00000000a4200000, 0x00000000a4200000| Untracked 
|  47|0x00000000a4300000, 0x00000000a4300000, 0x00000000a4400000|  0%| F|  |TAMS 0x00000000a4300000, 0x00000000a4300000| Untracked 
|  48|0x00000000a4400000, 0x00000000a4400000, 0x00000000a4500000|  0%| F|  |TAMS 0x00000000a4400000, 0x00000000a4400000| Untracked 
|  49|0x00000000a4500000, 0x00000000a4500000, 0x00000000a4600000|  0%| F|  |TAMS 0x00000000a4500000, 0x00000000a4500000| Untracked 
|  50|0x00000000a4600000, 0x00000000a4600000, 0x00000000a4700000|  0%| F|  |TAMS 0x00000000a4600000, 0x00000000a4600000| Untracked 
|  51|0x00000000a4700000, 0x00000000a4700000, 0x00000000a4800000|  0%| F|  |TAMS 0x00000000a4700000, 0x00000000a4700000| Untracked 
|  52|0x00000000a4800000, 0x00000000a4800000, 0x00000000a4900000|  0%| F|  |TAMS 0x00000000a4800000, 0x00000000a4800000| Untracked 
|  53|0x00000000a4900000, 0x00000000a4900000, 0x00000000a4a00000|  0%| F|  |TAMS 0x00000000a4900000, 0x00000000a4900000| Untracked 
|  54|0x00000000a4a00000, 0x00000000a4a00000, 0x00000000a4b00000|  0%| F|  |TAMS 0x00000000a4a00000, 0x00000000a4a00000| Untracked 
|  55|0x00000000a4b00000, 0x00000000a4b00000, 0x00000000a4c00000|  0%| F|  |TAMS 0x00000000a4b00000, 0x00000000a4b00000| Untracked 
|  56|0x00000000a4c00000, 0x00000000a4c00000, 0x00000000a4d00000|  0%| F|  |TAMS 0x00000000a4c00000, 0x00000000a4c00000| Untracked 
|  57|0x00000000a4d00000, 0x00000000a4d00000, 0x00000000a4e00000|  0%| F|  |TAMS 0x00000000a4d00000, 0x00000000a4d00000| Untracked 
|  58|0x00000000a4e00000, 0x00000000a4e00000, 0x00000000a4f00000|  0%| F|  |TAMS 0x00000000a4e00000, 0x00000000a4e00000| Untracked 
|  59|0x00000000a4f00000, 0x00000000a4f00000, 0x00000000a5000000|  0%| F|  |TAMS 0x00000000a4f00000, 0x00000000a4f00000| Untracked 
|  60|0x00000000a5000000, 0x00000000a5000000, 0x00000000a5100000|  0%| F|  |TAMS 0x00000000a5000000, 0x00000000a5000000| Untracked 
|  61|0x00000000a5100000, 0x00000000a5100000, 0x00000000a5200000|  0%| F|  |TAMS 0x00000000a5100000, 0x00000000a5100000| Untracked 
|  62|0x00000000a5200000, 0x00000000a5200000, 0x00000000a5300000|  0%| F|  |TAMS 0x00000000a5200000, 0x00000000a5200000| Untracked 
|  63|0x00000000a5300000, 0x00000000a5300000, 0x00000000a5400000|  0%| F|  |TAMS 0x00000000a5300000, 0x00000000a5300000| Untracked 
|  64|0x00000000a5400000, 0x00000000a5400000, 0x00000000a5500000|  0%| F|  |TAMS 0x00000000a5400000, 0x00000000a5400000| Untracked 
|  65|0x00000000a5500000, 0x00000000a5500000, 0x00000000a5600000|  0%| F|  |TAMS 0x00000000a5500000, 0x00000000a5500000| Untracked 
|  66|0x00000000a5600000, 0x00000000a5600000, 0x00000000a5700000|  0%| F|  |TAMS 0x00000000a5600000, 0x00000000a5600000| Untracked 
|  67|0x00000000a5700000, 0x00000000a5700000, 0x00000000a5800000|  0%| F|  |TAMS 0x00000000a5700000, 0x00000000a5700000| Untracked 
|  68|0x00000000a5800000, 0x00000000a5800000, 0x00000000a5900000|  0%| F|  |TAMS 0x00000000a5800000, 0x00000000a5800000| Untracked 
|  69|0x00000000a5900000, 0x00000000a5900000, 0x00000000a5a00000|  0%| F|  |TAMS 0x00000000a5900000, 0x00000000a5900000| Untracked 
|  70|0x00000000a5a00000, 0x00000000a5a00000, 0x00000000a5b00000|  0%| F|  |TAMS 0x00000000a5a00000, 0x00000000a5a00000| Untracked 
|  71|0x00000000a5b00000, 0x00000000a5b00000, 0x00000000a5c00000|  0%| F|  |TAMS 0x00000000a5b00000, 0x00000000a5b00000| Untracked 
|  72|0x00000000a5c00000, 0x00000000a5c00000, 0x00000000a5d00000|  0%| F|  |TAMS 0x00000000a5c00000, 0x00000000a5c00000| Untracked 
|  73|0x00000000a5d00000, 0x00000000a5d00000, 0x00000000a5e00000|  0%| F|  |TAMS 0x00000000a5d00000, 0x00000000a5d00000| Untracked 
|  74|0x00000000a5e00000, 0x00000000a5e00000, 0x00000000a5f00000|  0%| F|  |TAMS 0x00000000a5e00000, 0x00000000a5e00000| Untracked 
|  75|0x00000000a5f00000, 0x00000000a5f00000, 0x00000000a6000000|  0%| F|  |TAMS 0x00000000a5f00000, 0x00000000a5f00000| Untracked 
|  76|0x00000000a6000000, 0x00000000a6000000, 0x00000000a6100000|  0%| F|  |TAMS 0x00000000a6000000, 0x00000000a6000000| Untracked 
|  77|0x00000000a6100000, 0x00000000a6100000, 0x00000000a6200000|  0%| F|  |TAMS 0x00000000a6100000, 0x00000000a6100000| Untracked 
|  78|0x00000000a6200000, 0x00000000a6200000, 0x00000000a6300000|  0%| F|  |TAMS 0x00000000a6200000, 0x00000000a6200000| Untracked 
|  79|0x00000000a6300000, 0x00000000a6300000, 0x00000000a6400000|  0%| F|  |TAMS 0x00000000a6300000, 0x00000000a6300000| Untracked 
|  80|0x00000000a6400000, 0x00000000a6400000, 0x00000000a6500000|  0%| F|  |TAMS 0x00000000a6400000, 0x00000000a6400000| Untracked 
|  81|0x00000000a6500000, 0x00000000a6500000, 0x00000000a6600000|  0%| F|  |TAMS 0x00000000a6500000, 0x00000000a6500000| Untracked 
|  82|0x00000000a6600000, 0x00000000a6600000, 0x00000000a6700000|  0%| F|  |TAMS 0x00000000a6600000, 0x00000000a6600000| Untracked 
|  83|0x00000000a6700000, 0x00000000a6700000, 0x00000000a6800000|  0%| F|  |TAMS 0x00000000a6700000, 0x00000000a6700000| Untracked 
|  84|0x00000000a6800000, 0x00000000a6800000, 0x00000000a6900000|  0%| F|  |TAMS 0x00000000a6800000, 0x00000000a6800000| Untracked 
|  85|0x00000000a6900000, 0x00000000a6900000, 0x00000000a6a00000|  0%| F|  |TAMS 0x00000000a6900000, 0x00000000a6900000| Untracked 
|  86|0x00000000a6a00000, 0x00000000a6a00000, 0x00000000a6b00000|  0%| F|  |TAMS 0x00000000a6a00000, 0x00000000a6a00000| Untracked 
|  87|0x00000000a6b00000, 0x00000000a6b00000, 0x00000000a6c00000|  0%| F|  |TAMS 0x00000000a6b00000, 0x00000000a6b00000| Untracked 
|  88|0x00000000a6c00000, 0x00000000a6c00000, 0x00000000a6d00000|  0%| F|  |TAMS 0x00000000a6c00000, 0x00000000a6c00000| Untracked 
|  89|0x00000000a6d00000, 0x00000000a6d00000, 0x00000000a6e00000|  0%| F|  |TAMS 0x00000000a6d00000, 0x00000000a6d00000| Untracked 
|  90|0x00000000a6e00000, 0x00000000a6e00000, 0x00000000a6f00000|  0%| F|  |TAMS 0x00000000a6e00000, 0x00000000a6e00000| Untracked 
|  91|0x00000000a6f00000, 0x00000000a6f00000, 0x00000000a7000000|  0%| F|  |TAMS 0x00000000a6f00000, 0x00000000a6f00000| Untracked 
|  92|0x00000000a7000000, 0x00000000a7076a70, 0x00000000a7100000| 46%| E|  |TAMS 0x00000000a7000000, 0x00000000a7000000| Complete 
|  93|0x00000000a7100000, 0x00000000a7200000, 0x00000000a7200000|100%| E|CS|TAMS 0x00000000a7100000, 0x00000000a7100000| Complete 
|  94|0x00000000a7200000, 0x00000000a7300000, 0x00000000a7300000|100%| E|CS|TAMS 0x00000000a7200000, 0x00000000a7200000| Complete 
|  95|0x00000000a7300000, 0x00000000a7400000, 0x00000000a7400000|100%| E|CS|TAMS 0x00000000a7300000, 0x00000000a7300000| Complete 

Card table byte_map: [0x000002cbfa730000,0x000002cbfaa30000] _byte_map_base: 0x000002cbfa226000

Marking Bits (Prev, Next): (CMBitMap*) 0x000002cbfa089fc0, (CMBitMap*) 0x000002cbfa08a000
 Prev Bits: [0x000002cbfad30000, 0x000002cbfc4e0000)
 Next Bits: [0x000002cbfc4e0000, 0x000002cbfdc90000)

Polling page: 0x000002cbf7f70000

Metaspace:

Usage:
  Non-class:    662.75 KB used.
      Class:     47.21 KB used.
       Both:    709.96 KB used.

Virtual space:
  Non-class space:       64.00 MB reserved,     704.00 KB (  1%) committed,  1 nodes.
      Class space:        1.00 GB reserved,     128.00 KB ( <1%) committed,  1 nodes.
             Both:        1.06 GB reserved,     832.00 KB ( <1%) committed. 

Chunk freelists:
   Non-Class:  3.85 MB
       Class:  3.72 MB
        Both:  7.56 MB

MaxMetaspaceSize: unlimited
CompressedClassSpaceSize: 1.00 GB
Initial GC threshold: 21.00 MB
Current GC threshold: 21.00 MB
CDS: on
MetaspaceReclaimPolicy: balanced
 - commit_granule_bytes: 65536.
 - commit_granule_words: 8192.
 - virtual_space_node_default_size: 8388608.
 - enlarge_chunks_in_place: 1.
 - new_chunks_are_fully_committed: 0.
 - uncommit_free_chunks: 1.
 - use_allocation_guard: 0.


Internal statistics:

num_allocs_failed_limit: 0.
num_arena_births: 20.
num_arena_deaths: 0.
num_vsnodes_births: 2.
num_vsnodes_deaths: 0.
num_space_committed: 13.
num_space_uncommitted: 0.
num_chunks_returned_to_freelist: 0.
num_chunks_taken_from_freelist: 34.
num_chunk_merges: 0.
num_chunk_splits: 22.
num_chunks_enlarged: 16.
num_inconsistent_stats: 0.

CodeHeap 'non-profiled nmethods': size=120000Kb used=90Kb max_used=90Kb free=119910Kb
 bounds [0x000002cb8f340000, 0x000002cb8f5b0000, 0x000002cb96870000]
CodeHeap 'profiled nmethods': size=120000Kb used=399Kb max_used=399Kb free=119600Kb
 bounds [0x000002cb87e10000, 0x000002cb88080000, 0x000002cb8f340000]
CodeHeap 'non-nmethods': size=5760Kb used=1111Kb max_used=1111Kb free=4648Kb
 bounds [0x000002cb87870000, 0x000002cb87ae0000, 0x000002cb87e10000]
 total_blobs=682 nmethods=307 adapters=288
 compilation: enabled
              stopped_count=0, restarted_count=0
 full_count=0

Compilation events (20 events):
Event: 1.522 Thread 0x000002cb96f2bd60 nmethod 292 0x000002cb87e70710 code [0x000002cb87e708c0, 0x000002cb87e70b58]
Event: 1.525 Thread 0x000002cb96f2bd60  293       3       jdk.internal.org.objectweb.asm.SymbolTable::put (150 bytes)
Event: 1.526 Thread 0x000002cb96f2bd60 nmethod 293 0x000002cb87e70c10 code [0x000002cb87e70e00, 0x000002cb87e71698]
Event: 1.528 Thread 0x000002cb96f2bd60  294       1       java.lang.invoke.MethodType$ConcurrentWeakInternSet$WeakEntry::hashCode (5 bytes)
Event: 1.528 Thread 0x000002cb96f2bd60 nmethod 294 0x000002cb8f354e90 code [0x000002cb8f355020, 0x000002cb8f3550f8]
Event: 1.528 Thread 0x000002cb96f2bd60  295       3       java.lang.Class::getClassLoader (28 bytes)
Event: 1.529 Thread 0x000002cb96f2bd60 nmethod 295 0x000002cb87e71990 code [0x000002cb87e71b40, 0x000002cb87e71d98]
Event: 1.588 Thread 0x000002cb96f2bd60  300       3       java.lang.invoke.MemberName::testAllFlags (7 bytes)
Event: 1.589 Thread 0x000002cb96f2bd60 nmethod 300 0x000002cb87e71e90 code [0x000002cb87e72020, 0x000002cb87e721f8]
Event: 1.589 Thread 0x000002cb96f2bd60  302       3       java.lang.invoke.LambdaForm$BasicType::basicType (19 bytes)
Event: 1.590 Thread 0x000002cb96f2bd60 nmethod 302 0x000002cb87e72290 code [0x000002cb87e72460, 0x000002cb87e726b8]
Event: 1.590 Thread 0x000002cb96f2bd60  303       3       jdk.internal.org.objectweb.asm.SymbolTable$Entry::<init> (17 bytes)
Event: 1.590 Thread 0x000002cb96f2bd60 nmethod 303 0x000002cb87e72810 code [0x000002cb87e729c0, 0x000002cb87e72b48]
Event: 1.590 Thread 0x000002cb96f2bd60  304       3       jdk.internal.org.objectweb.asm.ByteVector::putByte (39 bytes)
Event: 1.590 Thread 0x000002cb96f2bd60 nmethod 304 0x000002cb87e72c10 code [0x000002cb87e72dc0, 0x000002cb87e72fa8]
Event: 1.590 Thread 0x000002cb96f2bd60  305       1       java.lang.invoke.MethodTypeForm::parameterSlotCount (5 bytes)
Event: 1.590 Thread 0x000002cb96f2bd60 nmethod 305 0x000002cb8f356210 code [0x000002cb8f3563a0, 0x000002cb8f356478]
Event: 1.590 Thread 0x000002cb96f2bd60  306       3       jdk.internal.org.objectweb.asm.SymbolTable::addConstantUtf8 (98 bytes)
Event: 1.591 Thread 0x000002cb96f2bd60 nmethod 306 0x000002cb87e73110 code [0x000002cb87e73340, 0x000002cb87e73938]
Event: 1.591 Thread 0x000002cb96f2bd60  307       3       jdk.internal.org.objectweb.asm.ByteVector::putShort (52 bytes)

GC Heap History (0 events):
No events

Deoptimization events (4 events):
Event: 1.087 Thread 0x000002cbfa035c40 Uncommon trap: trap_request=0xffffff45 fr.pc=0x000002cb8f34af64 relative=0x0000000000000064
Event: 1.087 Thread 0x000002cbfa035c40 Uncommon trap: reason=unstable_if action=reinterpret pc=0x000002cb8f34af64 method=java.io.WinNTFileSystem.isSlash(C)Z @ 9 c2
Event: 1.087 Thread 0x000002cbfa035c40 DEOPT PACKING pc=0x000002cb8f34af64 sp=0x000000db19afe380
Event: 1.087 Thread 0x000002cbfa035c40 DEOPT UNPACKING pc=0x000002cb878c23a3 sp=0x000000db19afe308 mode 2

Classes loaded (20 events):
Event: 0.511 Loading class java/net/URLConnection
Event: 0.512 Loading class java/net/URLConnection done
Event: 0.512 Loading class sun/net/www/URLConnection done
Event: 0.512 Loading class sun/net/www/protocol/file/FileURLConnection done
Event: 0.513 Loading class sun/net/www/MessageHeader
Event: 0.513 Loading class sun/net/www/MessageHeader done
Event: 0.516 Loading class java/io/FilePermission$1
Event: 0.516 Loading class jdk/internal/access/JavaIOFilePermissionAccess
Event: 0.517 Loading class jdk/internal/access/JavaIOFilePermissionAccess done
Event: 0.517 Loading class java/io/FilePermission$1 done
Event: 0.529 Loading class java/io/FilePermissionCollection
Event: 0.530 Loading class java/io/FilePermissionCollection done
Event: 0.530 Loading class java/util/Vector
Event: 0.532 Loading class java/util/Vector done
Event: 0.532 Loading class java/io/FilePermissionCollection$1
Event: 0.533 Loading class java/io/FilePermissionCollection$1 done
Event: 1.032 Loading class java/lang/IllegalStateException
Event: 1.035 Loading class java/lang/IllegalStateException done
Event: 1.471 Loading class sun/invoke/util/VerifyAccess$1
Event: 1.479 Loading class sun/invoke/util/VerifyAccess$1 done

Classes unloaded (0 events):
No events

Classes redefined (0 events):
No events

Internal exceptions (0 events):
No events

VM Operations (4 events):
Event: 0.172 Executing VM operation: HandshakeAllThreads
Event: 0.172 Executing VM operation: HandshakeAllThreads done
Event: 1.184 Executing VM operation: Cleanup
Event: 1.205 Executing VM operation: Cleanup done

Events (17 events):
Event: 0.015 Loaded shared library C:\Program Files\Java\jdk-18.0.1\bin\java.dll
Event: 0.031 Loaded shared library C:\Program Files\Java\jdk-18.0.1\bin\jsvml.dll
Event: 0.032 Thread 0x000002cbfa035c40 Thread added: 0x000002cbfa035c40
Event: 0.042 Thread 0x000002cb96ee2c60 Thread added: 0x000002cb96ee2c60
Event: 0.043 Thread 0x000002cb96ee6070 Thread added: 0x000002cb96ee6070
Event: 0.080 Thread 0x000002cb96f00d20 Thread added: 0x000002cb96f00d20
Event: 0.080 Thread 0x000002cb96f02ad0 Thread added: 0x000002cb96f02ad0
Event: 0.080 Thread 0x000002cb96f03c10 Thread added: 0x000002cb96f03c10
Event: 0.080 Thread 0x000002cb96f04e90 Thread added: 0x000002cb96f04e90
Event: 0.081 Thread 0x000002cb96f09a80 Thread added: 0x000002cb96f09a80
Event: 0.081 Thread 0x000002cb96f2bd60 Thread added: 0x000002cb96f2bd60
Event: 0.081 Thread 0x000002cb96f406c0 Thread added: 0x000002cb96f406c0
Event: 0.133 Thread 0x000002cb9b1ca2c0 Thread added: 0x000002cb9b1ca2c0
Event: 0.143 Thread 0x000002cb9b1d2850 Thread added: 0x000002cb9b1d2850
Event: 0.153 Loaded shared library C:\Program Files\Java\jdk-18.0.1\bin\net.dll
Event: 0.158 Loaded shared library C:\Program Files\Java\jdk-18.0.1\bin\nio.dll
Event: 0.170 Loaded shared library C:\Program Files\Java\jdk-18.0.1\bin\zip.dll


Dynamic libraries:
0x00007ff7a7750000 - 0x00007ff7a7760000 	C:\Program Files\Java\jdk-18.0.1\bin\java.exe
0x00007ffbfbb50000 - 0x00007ffbfbd45000 	C:\WINDOWS\SYSTEM32\ntdll.dll
0x00007ffbd8b00000 - 0x00007ffbd8b16000 	C:\Program Files\Avast Software\Avast\aswhook.dll
0x00007ffbf9ba0000 - 0x00007ffbf9c5d000 	C:\WINDOWS\System32\KERNEL32.DLL
0x00007ffbf97d0000 - 0x00007ffbf9a9d000 	C:\WINDOWS\System32\KERNELBASE.dll
0x00007ffbf9aa0000 - 0x00007ffbf9ba0000 	C:\WINDOWS\System32\ucrtbase.dll
0x00007ffbec2b0000 - 0x00007ffbec2ca000 	C:\Program Files\Java\jdk-18.0.1\bin\VCRUNTIME140.dll
0x00007ffbf2cb0000 - 0x00007ffbf2cc8000 	C:\Program Files\Java\jdk-18.0.1\bin\jli.dll
0x00007ffbfb5f0000 - 0x00007ffbfb69e000 	C:\WINDOWS\System32\ADVAPI32.dll
0x00007ffbf9da0000 - 0x00007ffbf9e3e000 	C:\WINDOWS\System32\msvcrt.dll
0x00007ffbfa6b0000 - 0x00007ffbfa74c000 	C:\WINDOWS\System32\sechost.dll
0x00007ffbfb460000 - 0x00007ffbfb585000 	C:\WINDOWS\System32\RPCRT4.dll
0x00007ffbfb7c0000 - 0x00007ffbfb960000 	C:\WINDOWS\System32\USER32.dll
0x00007ffbf9700000 - 0x00007ffbf9722000 	C:\WINDOWS\System32\win32u.dll
0x00007ffbdc100000 - 0x00007ffbdc39a000 	C:\WINDOWS\WinSxS\amd64_microsoft.windows.common-controls_6595b64144ccf1df_6.0.19041.1110_none_60b5254171f9507e\COMCTL32.dll
0x00007ffbfa680000 - 0x00007ffbfa6aa000 	C:\WINDOWS\System32\GDI32.dll
0x00007ffbf9540000 - 0x00007ffbf964b000 	C:\WINDOWS\System32\gdi32full.dll
0x00007ffbf9340000 - 0x00007ffbf93dd000 	C:\WINDOWS\System32\msvcp_win.dll
0x00007ffbf2c30000 - 0x00007ffbf2c3a000 	C:\WINDOWS\SYSTEM32\VERSION.dll
0x00007ffbfa650000 - 0x00007ffbfa680000 	C:\WINDOWS\System32\IMM32.DLL
0x00007ffbf3df0000 - 0x00007ffbf3dfc000 	C:\Program Files\Java\jdk-18.0.1\bin\vcruntime140_1.dll
0x00007ffbda4c0000 - 0x00007ffbda54d000 	C:\Program Files\Java\jdk-18.0.1\bin\msvcp140.dll
0x00007ffbbf6a0000 - 0x00007ffbc02b0000 	C:\Program Files\Java\jdk-18.0.1\bin\server\jvm.dll
0x00007ffbf9c60000 - 0x00007ffbf9c68000 	C:\WINDOWS\System32\PSAPI.DLL
0x00007ffbe6a50000 - 0x00007ffbe6a59000 	C:\WINDOWS\SYSTEM32\WSOCK32.dll
0x00007ffbfa7b0000 - 0x00007ffbfa81b000 	C:\WINDOWS\System32\WS2_32.dll
0x00007ffbedb20000 - 0x00007ffbedb47000 	C:\WINDOWS\SYSTEM32\WINMM.dll
0x00007ffbf7120000 - 0x00007ffbf7132000 	C:\WINDOWS\SYSTEM32\kernel.appcore.dll
0x00007ffbf07b0000 - 0x00007ffbf07ba000 	C:\Program Files\Java\jdk-18.0.1\bin\jimage.dll
0x00007ffbe8240000 - 0x00007ffbe8424000 	C:\WINDOWS\SYSTEM32\DBGHELP.DLL
0x00007ffbe8210000 - 0x00007ffbe823c000 	C:\WINDOWS\SYSTEM32\dbgcore.DLL
0x00007ffbf92b0000 - 0x00007ffbf9332000 	C:\WINDOWS\System32\bcryptPrimitives.dll
0x00007ffbec280000 - 0x00007ffbec2a5000 	C:\Program Files\Java\jdk-18.0.1\bin\java.dll
0x00007ffbd4ec0000 - 0x00007ffbd4f96000 	C:\Program Files\Java\jdk-18.0.1\bin\jsvml.dll
0x00007ffbfa8d0000 - 0x00007ffbfb014000 	C:\WINDOWS\System32\SHELL32.dll
0x00007ffbf7320000 - 0x00007ffbf7ab4000 	C:\WINDOWS\SYSTEM32\windows.storage.dll
0x00007ffbfb020000 - 0x00007ffbfb374000 	C:\WINDOWS\System32\combase.dll
0x00007ffbf8bf0000 - 0x00007ffbf8c1c000 	C:\WINDOWS\SYSTEM32\Wldp.dll
0x00007ffbfa090000 - 0x00007ffbfa13d000 	C:\WINDOWS\System32\SHCORE.dll
0x00007ffbfb590000 - 0x00007ffbfb5e5000 	C:\WINDOWS\System32\shlwapi.dll
0x00007ffbf91a0000 - 0x00007ffbf91bf000 	C:\WINDOWS\SYSTEM32\profapi.dll
0x00007ffbec260000 - 0x00007ffbec273000 	C:\Program Files\Java\jdk-18.0.1\bin\net.dll
0x00007ffbf02b0000 - 0x00007ffbf03ba000 	C:\WINDOWS\SYSTEM32\WINHTTP.dll
0x00007ffbf8910000 - 0x00007ffbf897a000 	C:\WINDOWS\system32\mswsock.dll
0x00007ffbebfa0000 - 0x00007ffbebfb6000 	C:\Program Files\Java\jdk-18.0.1\bin\nio.dll
0x00007ffbe4750000 - 0x00007ffbe4768000 	C:\Program Files\Java\jdk-18.0.1\bin\zip.dll

dbghelp: loaded successfully - version: 4.0.5 - missing functions: none
symbol engine: initialized successfully - sym options: 0x614 - pdb path: .;C:\Program Files\Java\jdk-18.0.1\bin;C:\WINDOWS\SYSTEM32;C:\Program Files\Avast Software\Avast;C:\WINDOWS\WinSxS\amd64_microsoft.windows.common-controls_6595b64144ccf1df_6.0.19041.1110_none_60b5254171f9507e;C:\Program Files\Java\jdk-18.0.1\bin\server

VM Arguments:
jvm_args: -Dmaven.multiModuleProjectDirectory=C:\Users\guill\gitProjects\mmocore -Dmaven.home=C:\Program Files\JetBrains\IntelliJ IDEA Community Edition 2021.1.2\plugins\maven\lib\maven3 -Dclassworlds.conf=C:\Program Files\JetBrains\IntelliJ IDEA Community Edition 2021.1.2\plugins\maven\lib\maven3\bin\m2.conf -Dmaven.ext.class.path=C:\Program Files\JetBrains\IntelliJ IDEA Community Edition 2021.1.2\plugins\maven\lib\maven-event-listener.jar -Dfile.encoding=UTF-8 
java_command: org.codehaus.classworlds.Launcher -Didea.version=2021.1.2 install --non-recursive
java_class_path (initial): C:\Program Files\JetBrains\IntelliJ IDEA Community Edition 2021.1.2\plugins\maven\lib\maven3\boot\plexus-classworlds-2.6.0.jar;C:\Program Files\JetBrains\IntelliJ IDEA Community Edition 2021.1.2\plugins\maven\lib\maven3\boot\plexus-classworlds.license
Launcher Type: SUN_STANDARD

[Global flags]
     intx CICompilerCount                          = 4                                         {product} {ergonomic}
     uint ConcGCThreads                            = 2                                         {product} {ergonomic}
     uint G1ConcRefinementThreads                  = 8                                         {product} {ergonomic}
   size_t G1HeapRegionSize                         = 1048576                                   {product} {ergonomic}
    uintx GCDrainStackTargetSize                   = 64                                        {product} {ergonomic}
   size_t InitialHeapSize                          = 100663296                                 {product} {ergonomic}
   size_t MarkStackSize                            = 4194304                                   {product} {ergonomic}
   size_t MaxHeapSize                              = 1589641216                                {product} {ergonomic}
   size_t MaxNewSize                               = 953155584                                 {product} {ergonomic}
   size_t MinHeapDeltaBytes                        = 1048576                                   {product} {ergonomic}
   size_t MinHeapSize                              = 8388608                                   {product} {ergonomic}
    uintx NonNMethodCodeHeapSize                   = 5839372                                {pd product} {ergonomic}
    uintx NonProfiledCodeHeapSize                  = 122909434                              {pd product} {ergonomic}
    uintx ProfiledCodeHeapSize                     = 122909434                              {pd product} {ergonomic}
    uintx ReservedCodeCacheSize                    = 251658240                              {pd product} {ergonomic}
     bool SegmentedCodeCache                       = true                                      {product} {ergonomic}
   size_t SoftMaxHeapSize                          = 1589641216                             {manageable} {ergonomic}
     bool UseCompressedClassPointers               = true                           {product lp64_product} {ergonomic}
     bool UseCompressedOops                        = true                           {product lp64_product} {ergonomic}
     bool UseG1GC                                  = true                                      {product} {ergonomic}
     bool UseLargePagesIndividualAllocation        = false                                  {pd product} {ergonomic}

Logging:
Log output configuration:
 #0: stdout all=warning uptime,level,tags foldmultilines=false
 #1: stderr all=off uptime,level,tags foldmultilines=false

Environment Variables:
PATH=C:\Program Files\Common Files\Oracle\Java\javapath;C:\Program Files\Java\jdk-16.0.2\bin\;C:\WINDOWS\system32;C:\WINDOWS;C:\WINDOWS\System32\Wbem;C:\WINDOWS\System32\WindowsPowerShell\v1.0\;C:\WINDOWS\System32\OpenSSH\;C:\Program Files\nodejs\;C:\Program Files\Docker\Docker\resources\bin;C:\ProgramData\DockerDesktop\version-bin;PATH;C:\Users\guill\AppData\Local\Microsoft\WindowsApps;C:\Windows\System32;;C:\Users\guill\Desktop\Microsoft VS Code\bin;C:\Users\guill\AppData\Roaming\npm
USERNAME=guill
OS=Windows_NT
PROCESSOR_IDENTIFIER=AMD64 Family 23 Model 24 Stepping 1, AuthenticAMD



---------------  S Y S T E M  ---------------

OS:
 Windows 10 , 64 bit Build 19041 (10.0.19041.1706)
OS uptime: 11 days 18:11 hours
Hyper-V role detected

CPU: total 8 (initial active 8) (8 cores per cpu, 2 threads per core) family 23 model 24 stepping 1 microcode 0x0, cx8, cmov, fxsr, ht, mmx, 3dnowpref, sse, sse2, sse3, ssse3, sse4a, sse4.1, sse4.2, popcnt, lzcnt, tsc, tscinvbit, avx, avx2, aes, clmul, bmi1, bmi2, adx, sha, fma, vzeroupper, clflush, clflushopt, hv

Memory: 4k page, system-wide physical 6061M (441M free)
TotalPageFile size 24493M (AvailPageFile size 0M)
current process WorkingSet (physical memory assigned to process): 34M, peak: 34M
current process commit charge ("private bytes"): 178M, peak: 178M

vm_info: Java HotSpot(TM) 64-Bit Server VM (18.0.1+10-24) for windows-amd64 JRE (18.0.1+10-24), built on Mar  9 2022 22:41:56 by "mach5one" with MS VC++ 16.8 / 16.9 (VS2019)

END.
